::1 - - [08/Aug/2018:03:59:44 +0000] "POST / HTTP/1.1" 200 325 "-" "Mozilla/5.0 (Macintosh; Intel Mac OS X 10_13_6) AppleWebKit/537.36 (KHTML, like Gecko) Chrome/68.0.3440.84 Safari/537.36"
::1 - - [08/Aug/2018:05:03:37 +0000] "POST / HTTP/1.1" 200 445 "-" "Mozilla/5.0 (Macintosh; Intel Mac OS X 10_13_6) AppleWebKit/537.36 (KHTML, like Gecko) Chrome/68.0.3440.84 Safari/537.36"
::1 - - [08/Aug/2018:05:04:18 +0000] "POST / HTTP/1.1" 200 454 "-" "Mozilla/5.0 (Macintosh; Intel Mac OS X 10_13_6) AppleWebKit/537.36 (KHTML, like Gecko) Chrome/68.0.3440.84 Safari/537.36"
::1 - - [08/Aug/2018:05:09:33 +0000] "POST / HTTP/1.1" 200 465 "-" "Mozilla/5.0 (Macintosh; Intel Mac OS X 10_13_6) AppleWebKit/537.36 (KHTML, like Gecko) Chrome/68.0.3440.84 Safari/537.36"
::1 - - [08/Aug/2018:05:10:13 +0000] "POST / HTTP/1.1" 200 277 "-" "Mozilla/5.0 (Macintosh; Intel Mac OS X 10_13_6) AppleWebKit/537.36 (KHTML, like Gecko) Chrome/68.0.3440.84 Safari/537.36"
::1 - - [08/Aug/2018:05:10:32 +0000] "POST / HTTP/1.1" 200 348 "-" "Mozilla/5.0 (Macintosh; Intel Mac OS X 10_13_6) AppleWebKit/537.36 (KHTML, like Gecko) Chrome/68.0.3440.84 Safari/537.36"
::1 - - [08/Aug/2018:05:12:29 +0000] "POST / HTTP/1.1" 200 270 "-" "Mozilla/5.0 (Macintosh; Intel Mac OS X 10_13_6) AppleWebKit/537.36 (KHTML, like Gecko) Chrome/68.0.3440.84 Safari/537.36"
::1 - - [08/Aug/2018:05:14:10 +0000] "POST / HTTP/1.1" 200 370 "-" "Mozilla/5.0 (Macintosh; Intel Mac OS X 10_13_6) AppleWebKit/537.36 (KHTML, like Gecko) Chrome/68.0.3440.84 Safari/537.36"
::1 - - [08/Aug/2018:05:15:53 +0000] "POST / HTTP/1.1" 200 477 "-" "Mozilla/5.0 (Macintosh; Intel Mac OS X 10_13_6) AppleWebKit/537.36 (KHTML, like Gecko) Chrome/68.0.3440.84 Safari/537.36"
::1 - - [08/Aug/2018:05:17:37 +0000] "POST / HTTP/1.1" 200 64 "-" "Mozilla/5.0 (Macintosh; Intel Mac OS X 10_13_6) AppleWebKit/537.36 (KHTML, like Gecko) Chrome/68.0.3440.84 Safari/537.36"
::1 - - [08/Aug/2018:05:17:44 +0000] "POST / HTTP/1.1" 200 64 "-" "Mozilla/5.0 (Macintosh; Intel Mac OS X 10_13_6) AppleWebKit/537.36 (KHTML, like Gecko) Chrome/68.0.3440.84 Safari/537.36"
::1 - - [08/Aug/2018:05:18:25 +0000] "POST / HTTP/1.1" 200 64 "-" "Mozilla/5.0 (Macintosh; Intel Mac OS X 10_13_6) AppleWebKit/537.36 (KHTML, like Gecko) Chrome/68.0.3440.84 Safari/537.36"
::1 - - [08/Aug/2018:05:18:51 +0000] "POST / HTTP/1.1" 200 65 "-" "Mozilla/5.0 (Macintosh; Intel Mac OS X 10_13_6) AppleWebKit/537.36 (KHTML, like Gecko) Chrome/68.0.3440.84 Safari/537.36"
::1 - - [08/Aug/2018:05:19:09 +0000] "POST / HTTP/1.1" 200 556 "-" "Mozilla/5.0 (Macintosh; Intel Mac OS X 10_13_6) AppleWebKit/537.36 (KHTML, like Gecko) Chrome/68.0.3440.84 Safari/537.36"
::1 - - [08/Aug/2018:18:12:46 +0000] "POST / HTTP/1.1" 200 556 "-" "Mozilla/5.0 (Macintosh; Intel Mac OS X 10_13_6) AppleWebKit/537.36 (KHTML, like Gecko) Chrome/68.0.3440.84 Safari/537.36"
::1 - - [08/Aug/2018:20:30:46 +0000] "POST / HTTP/1.1" 200 556 "-" "Mozilla/5.0 (Macintosh; Intel Mac OS X 10_13_6) AppleWebKit/537.36 (KHTML, like Gecko) Chrome/68.0.3440.84 Safari/537.36"
::1 - - [08/Aug/2018:20:31:29 +0000] "POST / HTTP/1.1" 200 474 "-" "Mozilla/5.0 (Macintosh; Intel Mac OS X 10_13_6) AppleWebKit/537.36 (KHTML, like Gecko) Chrome/68.0.3440.84 Safari/537.36"
::1 - - [08/Aug/2018:23:50:32 +0000] "POST / HTTP/1.1" 200 65 "-" "Mozilla/5.0 (Macintosh; Intel Mac OS X 10_13_6) AppleWebKit/537.36 (KHTML, like Gecko) Chrome/68.0.3440.84 Safari/537.36"
::1 - - [08/Aug/2018:23:51:23 +0000] "POST / HTTP/1.1" 200 78 "-" "Mozilla/5.0 (Macintosh; Intel Mac OS X 10_13_6) AppleWebKit/537.36 (KHTML, like Gecko) Chrome/68.0.3440.84 Safari/537.36"
::1 - - [08/Aug/2018:23:54:16 +0000] "POST / HTTP/1.1" 500 1167 "-" "Mozilla/5.0 (Macintosh; Intel Mac OS X 10_13_6) AppleWebKit/537.36 (KHTML, like Gecko) Chrome/68.0.3440.84 Safari/537.36"
::1 - - [08/Aug/2018:23:54:32 +0000] "POST / HTTP/1.1" 200 79 "-" "Mozilla/5.0 (Macintosh; Intel Mac OS X 10_13_6) AppleWebKit/537.36 (KHTML, like Gecko) Chrome/68.0.3440.84 Safari/537.36"
::1 - - [08/Aug/2018:23:56:02 +0000] "POST / HTTP/1.1" 200 436 "-" "Mozilla/5.0 (Macintosh; Intel Mac OS X 10_13_6) AppleWebKit/537.36 (KHTML, like Gecko) Chrome/68.0.3440.84 Safari/537.36"
::1 - - [08/Aug/2018:23:56:24 +0000] "POST / HTTP/1.1" 200 474 "-" "Mozilla/5.0 (Macintosh; Intel Mac OS X 10_13_6) AppleWebKit/537.36 (KHTML, like Gecko) Chrome/68.0.3440.84 Safari/537.36"
::1 - - [08/Aug/2018:23:57:15 +0000] "POST / HTTP/1.1" 200 371 "-" "Mozilla/5.0 (Macintosh; Intel Mac OS X 10_13_6) AppleWebKit/537.36 (KHTML, like Gecko) Chrome/68.0.3440.84 Safari/537.36"
::1 - - [09/Aug/2018:00:00:47 +0000] "POST / HTTP/1.1" 200 846 "-" "Mozilla/5.0 (Macintosh; Intel Mac OS X 10_13_6) AppleWebKit/537.36 (KHTML, like Gecko) Chrome/68.0.3440.84 Safari/537.36"
::1 - - [09/Aug/2018:00:02:16 +0000] "POST / HTTP/1.1" 200 847 "-" "Mozilla/5.0 (Macintosh; Intel Mac OS X 10_13_6) AppleWebKit/537.36 (KHTML, like Gecko) Chrome/68.0.3440.84 Safari/537.36"
::1 - - [09/Aug/2018:00:02:59 +0000] "POST / HTTP/1.1" 200 977 "-" "Mozilla/5.0 (Macintosh; Intel Mac OS X 10_13_6) AppleWebKit/537.36 (KHTML, like Gecko) Chrome/68.0.3440.84 Safari/537.36"
::1 - - [09/Aug/2018:00:05:16 +0000] "POST / HTTP/1.1" - - "-" "Mozilla/5.0 (Macintosh; Intel Mac OS X 10_13_6) AppleWebKit/537.36 (KHTML, like Gecko) Chrome/68.0.3440.84 Safari/537.36"
::1 - - [09/Aug/2018:00:07:11 +0000] "POST / HTTP/1.1" 200 863 "-" "Mozilla/5.0 (Macintosh; Intel Mac OS X 10_13_6) AppleWebKit/537.36 (KHTML, like Gecko) Chrome/68.0.3440.84 Safari/537.36"
::1 - - [09/Aug/2018:00:09:14 +0000] "POST / HTTP/1.1" 200 619 "-" "Mozilla/5.0 (Macintosh; Intel Mac OS X 10_13_6) AppleWebKit/537.36 (KHTML, like Gecko) Chrome/68.0.3440.84 Safari/537.36"
::1 - - [09/Aug/2018:00:09:39 +0000] "POST / HTTP/1.1" 200 514 "-" "Mozilla/5.0 (Macintosh; Intel Mac OS X 10_13_6) AppleWebKit/537.36 (KHTML, like Gecko) Chrome/68.0.3440.84 Safari/537.36"
::1 - - [09/Aug/2018:00:10:34 +0000] "POST / HTTP/1.1" 200 513 "-" "Mozilla/5.0 (Macintosh; Intel Mac OS X 10_13_6) AppleWebKit/537.36 (KHTML, like Gecko) Chrome/68.0.3440.84 Safari/537.36"
::1 - - [09/Aug/2018:00:12:00 +0000] "POST / HTTP/1.1" - - "-" "Mozilla/5.0 (Macintosh; Intel Mac OS X 10_13_6) AppleWebKit/537.36 (KHTML, like Gecko) Chrome/68.0.3440.84 Safari/537.36"
::1 - - [09/Aug/2018:00:12:16 +0000] "POST / HTTP/1.1" - - "-" "Mozilla/5.0 (Macintosh; Intel Mac OS X 10_13_6) AppleWebKit/537.36 (KHTML, like Gecko) Chrome/68.0.3440.84 Safari/537.36"
::1 - - [09/Aug/2018:00:15:17 +0000] "POST / HTTP/1.1" - - "-" "Mozilla/5.0 (Macintosh; Intel Mac OS X 10_13_6) AppleWebKit/537.36 (KHTML, like Gecko) Chrome/68.0.3440.84 Safari/537.36"
::1 - - [09/Aug/2018:00:18:38 +0000] "POST / HTTP/1.1" 200 202 "-" "Mozilla/5.0 (Macintosh; Intel Mac OS X 10_13_6) AppleWebKit/537.36 (KHTML, like Gecko) Chrome/68.0.3440.84 Safari/537.36"
::1 - - [09/Aug/2018:00:19:19 +0000] "POST / HTTP/1.1" 200 556 "-" "Mozilla/5.0 (Macintosh; Intel Mac OS X 10_13_6) AppleWebKit/537.36 (KHTML, like Gecko) Chrome/68.0.3440.84 Safari/537.36"
::1 - - [09/Aug/2018:00:19:32 +0000] "POST / HTTP/1.1" 200 347 "-" "Mozilla/5.0 (Macintosh; Intel Mac OS X 10_13_6) AppleWebKit/537.36 (KHTML, like Gecko) Chrome/68.0.3440.84 Safari/537.36"
::1 - - [09/Aug/2018:00:20:58 +0000] "POST / HTTP/1.1" 200 705 "-" "Mozilla/5.0 (Macintosh; Intel Mac OS X 10_13_6) AppleWebKit/537.36 (KHTML, like Gecko) Chrome/68.0.3440.84 Safari/537.36"
::1 - - [09/Aug/2018:00:21:39 +0000] "POST / HTTP/1.1" 200 348 "-" "Mozilla/5.0 (Macintosh; Intel Mac OS X 10_13_6) AppleWebKit/537.36 (KHTML, like Gecko) Chrome/68.0.3440.84 Safari/537.36"
::1 - - [09/Aug/2018:06:01:04 +0000] "POST / HTTP/1.1" - - "-" "Mozilla/5.0 (Macintosh; Intel Mac OS X 10_13_6) AppleWebKit/537.36 (KHTML, like Gecko) Chrome/68.0.3440.84 Safari/537.36"
::1 - - [09/Aug/2018:06:01:33 +0000] "POST / HTTP/1.1" - - "-" "Mozilla/5.0 (Macintosh; Intel Mac OS X 10_13_6) AppleWebKit/537.36 (KHTML, like Gecko) Chrome/68.0.3440.84 Safari/537.36"
::1 - - [09/Aug/2018:06:03:11 +0000] "POST / HTTP/1.1" 200 348 "-" "Mozilla/5.0 (Macintosh; Intel Mac OS X 10_13_6) AppleWebKit/537.36 (KHTML, like Gecko) Chrome/68.0.3440.84 Safari/537.36"
::1 - - [09/Aug/2018:06:04:04 +0000] "POST / HTTP/1.1" - - "-" "Mozilla/5.0 (Macintosh; Intel Mac OS X 10_13_6) AppleWebKit/537.36 (KHTML, like Gecko) Chrome/68.0.3440.84 Safari/537.36"
::1 - - [09/Aug/2018:06:04:26 +0000] "POST / HTTP/1.1" - - "-" "Mozilla/5.0 (Macintosh; Intel Mac OS X 10_13_6) AppleWebKit/537.36 (KHTML, like Gecko) Chrome/68.0.3440.84 Safari/537.36"
::1 - - [09/Aug/2018:06:05:13 +0000] "POST / HTTP/1.1" - - "-" "Mozilla/5.0 (Macintosh; Intel Mac OS X 10_13_6) AppleWebKit/537.36 (KHTML, like Gecko) Chrome/68.0.3440.84 Safari/537.36"
::1 - - [09/Aug/2018:06:05:49 +0000] "POST / HTTP/1.1" - - "-" "Mozilla/5.0 (Macintosh; Intel Mac OS X 10_13_6) AppleWebKit/537.36 (KHTML, like Gecko) Chrome/68.0.3440.84 Safari/537.36"
::1 - - [09/Aug/2018:06:05:52 +0000] "POST / HTTP/1.1" - - "-" "Mozilla/5.0 (Macintosh; Intel Mac OS X 10_13_6) AppleWebKit/537.36 (KHTML, like Gecko) Chrome/68.0.3440.84 Safari/537.36"
::1 - - [09/Aug/2018:06:06:00 +0000] "POST / HTTP/1.1" 200 705 "-" "Mozilla/5.0 (Macintosh; Intel Mac OS X 10_13_6) AppleWebKit/537.36 (KHTML, like Gecko) Chrome/68.0.3440.84 Safari/537.36"
::1 - - [09/Aug/2018:06:14:09 +0000] "POST / HTTP/1.1" 200 564 "-" "Mozilla/5.0 (Macintosh; Intel Mac OS X 10_13_6) AppleWebKit/537.36 (KHTML, like Gecko) Chrome/68.0.3440.84 Safari/537.36"
::1 - - [09/Aug/2018:06:14:35 +0000] "POST / HTTP/1.1" 200 882 "-" "Mozilla/5.0 (Macintosh; Intel Mac OS X 10_13_6) AppleWebKit/537.36 (KHTML, like Gecko) Chrome/68.0.3440.84 Safari/537.36"
::1 - - [09/Aug/2018:06:15:36 +0000] "POST / HTTP/1.1" 200 706 "-" "Mozilla/5.0 (Macintosh; Intel Mac OS X 10_13_6) AppleWebKit/537.36 (KHTML, like Gecko) Chrome/68.0.3440.84 Safari/537.36"
::1 - - [09/Aug/2018:06:16:55 +0000] "POST / HTTP/1.1" 200 706 "-" "Mozilla/5.0 (Macintosh; Intel Mac OS X 10_13_6) AppleWebKit/537.36 (KHTML, like Gecko) Chrome/68.0.3440.84 Safari/537.36"
::1 - - [09/Aug/2018:06:19:50 +0000] "POST / HTTP/1.1" 200 708 "-" "Mozilla/5.0 (Macintosh; Intel Mac OS X 10_13_6) AppleWebKit/537.36 (KHTML, like Gecko) Chrome/68.0.3440.84 Safari/537.36"
::1 - - [09/Aug/2018:06:20:06 +0000] "POST / HTTP/1.1" 200 649 "-" "Mozilla/5.0 (Macintosh; Intel Mac OS X 10_13_6) AppleWebKit/537.36 (KHTML, like Gecko) Chrome/68.0.3440.84 Safari/537.36"
::1 - - [09/Aug/2018:06:25:00 +0000] "POST / HTTP/1.1" - - "-" "Mozilla/5.0 (Macintosh; Intel Mac OS X 10_13_6) AppleWebKit/537.36 (KHTML, like Gecko) Chrome/68.0.3440.84 Safari/537.36"
::1 - - [09/Aug/2018:06:26:28 +0000] "POST / HTTP/1.1" - - "-" "Mozilla/5.0 (Macintosh; Intel Mac OS X 10_13_6) AppleWebKit/537.36 (KHTML, like Gecko) Chrome/68.0.3440.84 Safari/537.36"
::1 - - [09/Aug/2018:06:26:52 +0000] "POST / HTTP/1.1" - - "-" "Mozilla/5.0 (Macintosh; Intel Mac OS X 10_13_6) AppleWebKit/537.36 (KHTML, like Gecko) Chrome/68.0.3440.84 Safari/537.36"
::1 - - [09/Aug/2018:17:21:02 +0000] "POST / HTTP/1.1" - - "-" "Mozilla/5.0 (Macintosh; Intel Mac OS X 10_13_6) AppleWebKit/537.36 (KHTML, like Gecko) Chrome/68.0.3440.84 Safari/537.36"
::1 - - [09/Aug/2018:17:50:18 +0000] "POST / HTTP/1.1" - - "-" "Mozilla/5.0 (Macintosh; Intel Mac OS X 10_13_6) AppleWebKit/537.36 (KHTML, like Gecko) Chrome/68.0.3440.84 Safari/537.36"
::1 - - [09/Aug/2018:17:52:51 +0000] "POST / HTTP/1.1" - - "-" "Mozilla/5.0 (Macintosh; Intel Mac OS X 10_13_6) AppleWebKit/537.36 (KHTML, like Gecko) Chrome/68.0.3440.84 Safari/537.36"
::1 - - [09/Aug/2018:17:58:30 +0000] "POST / HTTP/1.1" - - "-" "Mozilla/5.0 (Macintosh; Intel Mac OS X 10_13_6) AppleWebKit/537.36 (KHTML, like Gecko) Chrome/68.0.3440.84 Safari/537.36"
::1 - - [09/Aug/2018:17:59:34 +0000] "POST / HTTP/1.1" 200 405 "-" "Mozilla/5.0 (Macintosh; Intel Mac OS X 10_13_6) AppleWebKit/537.36 (KHTML, like Gecko) Chrome/68.0.3440.84 Safari/537.36"
::1 - - [09/Aug/2018:18:01:20 +0000] "POST / HTTP/1.1" 500 1173 "-" "Mozilla/5.0 (Macintosh; Intel Mac OS X 10_13_6) AppleWebKit/537.36 (KHTML, like Gecko) Chrome/68.0.3440.84 Safari/537.36"
::1 - - [09/Aug/2018:18:02:00 +0000] "POST / HTTP/1.1" 200 403 "-" "Mozilla/5.0 (Macintosh; Intel Mac OS X 10_13_6) AppleWebKit/537.36 (KHTML, like Gecko) Chrome/68.0.3440.84 Safari/537.36"
::1 - - [09/Aug/2018:18:06:46 +0000] "POST / HTTP/1.1" - - "-" "Mozilla/5.0 (Macintosh; Intel Mac OS X 10_13_6) AppleWebKit/537.36 (KHTML, like Gecko) Chrome/68.0.3440.84 Safari/537.36"
::1 - - [09/Aug/2018:18:08:10 +0000] "POST / HTTP/1.1" - - "-" "Mozilla/5.0 (Macintosh; Intel Mac OS X 10_13_6) AppleWebKit/537.36 (KHTML, like Gecko) Chrome/68.0.3440.84 Safari/537.36"
::1 - - [09/Aug/2018:18:08:16 +0000] "POST / HTTP/1.1" 200 76 "-" "Mozilla/5.0 (Macintosh; Intel Mac OS X 10_13_6) AppleWebKit/537.36 (KHTML, like Gecko) Chrome/68.0.3440.84 Safari/537.36"
::1 - - [09/Aug/2018:18:12:49 +0000] "POST / HTTP/1.1" 500 1232 "-" "Mozilla/5.0 (Macintosh; Intel Mac OS X 10_13_6) AppleWebKit/537.36 (KHTML, like Gecko) Chrome/68.0.3440.84 Safari/537.36"
::1 - - [09/Aug/2018:18:12:58 +0000] "POST / HTTP/1.1" 500 1232 "-" "Mozilla/5.0 (Macintosh; Intel Mac OS X 10_13_6) AppleWebKit/537.36 (KHTML, like Gecko) Chrome/68.0.3440.84 Safari/537.36"
::1 - - [09/Aug/2018:18:51:26 +0000] "POST / HTTP/1.1" 500 1178 "-" "Mozilla/5.0 (Macintosh; Intel Mac OS X 10_13_6) AppleWebKit/537.36 (KHTML, like Gecko) Chrome/68.0.3440.84 Safari/537.36"
::1 - - [09/Aug/2018:19:06:41 +0000] "POST / HTTP/1.1" 500 1178 "-" "Mozilla/5.0 (Macintosh; Intel Mac OS X 10_13_6) AppleWebKit/537.36 (KHTML, like Gecko) Chrome/68.0.3440.84 Safari/537.36"
::1 - - [09/Aug/2018:19:08:09 +0000] "POST / HTTP/1.1" 500 1178 "-" "Mozilla/5.0 (Macintosh; Intel Mac OS X 10_13_6) AppleWebKit/537.36 (KHTML, like Gecko) Chrome/68.0.3440.84 Safari/537.36"
::1 - - [09/Aug/2018:19:09:47 +0000] "POST / HTTP/1.1" - - "-" "Mozilla/5.0 (Macintosh; Intel Mac OS X 10_13_6) AppleWebKit/537.36 (KHTML, like Gecko) Chrome/68.0.3440.84 Safari/537.36"
::1 - - [09/Aug/2018:19:11:39 +0000] "POST / HTTP/1.1" - - "-" "Mozilla/5.0 (Macintosh; Intel Mac OS X 10_13_6) AppleWebKit/537.36 (KHTML, like Gecko) Chrome/68.0.3440.84 Safari/537.36"
::1 - - [09/Aug/2018:19:12:56 +0000] "POST / HTTP/1.1" - - "-" "Mozilla/5.0 (Macintosh; Intel Mac OS X 10_13_6) AppleWebKit/537.36 (KHTML, like Gecko) Chrome/68.0.3440.84 Safari/537.36"
::1 - - [09/Aug/2018:19:13:15 +0000] "POST / HTTP/1.1" 200 2 "-" "Mozilla/5.0 (Macintosh; Intel Mac OS X 10_13_6) AppleWebKit/537.36 (KHTML, like Gecko) Chrome/68.0.3440.84 Safari/537.36"
::1 - - [09/Aug/2018:19:28:33 +0000] "POST / HTTP/1.1" 200 2 "-" "Mozilla/5.0 (Macintosh; Intel Mac OS X 10_13_6) AppleWebKit/537.36 (KHTML, like Gecko) Chrome/68.0.3440.84 Safari/537.36"
::1 - - [09/Aug/2018:19:29:00 +0000] "POST / HTTP/1.1" 200 2 "-" "Mozilla/5.0 (Macintosh; Intel Mac OS X 10_13_6) AppleWebKit/537.36 (KHTML, like Gecko) Chrome/68.0.3440.84 Safari/537.36"
::1 - - [09/Aug/2018:19:29:21 +0000] "POST / HTTP/1.1" 200 2 "-" "Mozilla/5.0 (Macintosh; Intel Mac OS X 10_13_6) AppleWebKit/537.36 (KHTML, like Gecko) Chrome/68.0.3440.84 Safari/537.36"
::1 - - [09/Aug/2018:19:30:28 +0000] "POST / HTTP/1.1" 200 2 "-" "Mozilla/5.0 (Macintosh; Intel Mac OS X 10_13_6) AppleWebKit/537.36 (KHTML, like Gecko) Chrome/68.0.3440.84 Safari/537.36"
::1 - - [09/Aug/2018:19:31:34 +0000] "POST / HTTP/1.1" 200 30 "-" "Mozilla/5.0 (Macintosh; Intel Mac OS X 10_13_6) AppleWebKit/537.36 (KHTML, like Gecko) Chrome/68.0.3440.84 Safari/537.36"
::1 - - [09/Aug/2018:19:32:47 +0000] "POST / HTTP/1.1" 500 1233 "-" "Mozilla/5.0 (Macintosh; Intel Mac OS X 10_13_6) AppleWebKit/537.36 (KHTML, like Gecko) Chrome/68.0.3440.84 Safari/537.36"
::1 - - [09/Aug/2018:19:34:36 +0000] "POST / HTTP/1.1" 500 1165 "-" "Mozilla/5.0 (Macintosh; Intel Mac OS X 10_13_6) AppleWebKit/537.36 (KHTML, like Gecko) Chrome/68.0.3440.84 Safari/537.36"
::1 - - [09/Aug/2018:19:34:36 +0000] "POST / HTTP/1.1" 500 1165 "-" "Mozilla/5.0 (Macintosh; Intel Mac OS X 10_13_6) AppleWebKit/537.36 (KHTML, like Gecko) Chrome/68.0.3440.84 Safari/537.36"
::1 - - [09/Aug/2018:19:34:43 +0000] "POST / HTTP/1.1" 500 1163 "-" "Mozilla/5.0 (Macintosh; Intel Mac OS X 10_13_6) AppleWebKit/537.36 (KHTML, like Gecko) Chrome/68.0.3440.84 Safari/537.36"
::1 - - [09/Aug/2018:19:35:29 +0000] "POST / HTTP/1.1" - - "-" "Mozilla/5.0 (Macintosh; Intel Mac OS X 10_13_6) AppleWebKit/537.36 (KHTML, like Gecko) Chrome/68.0.3440.84 Safari/537.36"
::1 - - [09/Aug/2018:19:36:44 +0000] "POST / HTTP/1.1" - - "-" "Mozilla/5.0 (Macintosh; Intel Mac OS X 10_13_6) AppleWebKit/537.36 (KHTML, like Gecko) Chrome/68.0.3440.84 Safari/537.36"
::1 - - [09/Aug/2018:19:37:55 +0000] "POST / HTTP/1.1" 200 30 "-" "Mozilla/5.0 (Macintosh; Intel Mac OS X 10_13_6) AppleWebKit/537.36 (KHTML, like Gecko) Chrome/68.0.3440.84 Safari/537.36"
::1 - - [09/Aug/2018:19:41:05 +0000] "POST / HTTP/1.1" 200 32 "-" "Mozilla/5.0 (Macintosh; Intel Mac OS X 10_13_6) AppleWebKit/537.36 (KHTML, like Gecko) Chrome/68.0.3440.84 Safari/537.36"
::1 - - [09/Aug/2018:19:41:23 +0000] "POST / HTTP/1.1" 200 403 "-" "Mozilla/5.0 (Macintosh; Intel Mac OS X 10_13_6) AppleWebKit/537.36 (KHTML, like Gecko) Chrome/68.0.3440.84 Safari/537.36"
::1 - - [09/Aug/2018:19:44:01 +0000] "POST / HTTP/1.1" 200 403 "-" "Mozilla/5.0 (Macintosh; Intel Mac OS X 10_13_6) AppleWebKit/537.36 (KHTML, like Gecko) Chrome/68.0.3440.84 Safari/537.36"
::1 - - [09/Aug/2018:19:44:38 +0000] "POST / HTTP/1.1" 200 72 "-" "Mozilla/5.0 (Macintosh; Intel Mac OS X 10_13_6) AppleWebKit/537.36 (KHTML, like Gecko) Chrome/68.0.3440.84 Safari/537.36"
::1 - - [09/Aug/2018:19:45:28 +0000] "POST / HTTP/1.1" 200 207 "-" "Mozilla/5.0 (Macintosh; Intel Mac OS X 10_13_6) AppleWebKit/537.36 (KHTML, like Gecko) Chrome/68.0.3440.84 Safari/537.36"
::1 - - [09/Aug/2018:19:45:49 +0000] "POST / HTTP/1.1" 200 207 "-" "Mozilla/5.0 (Macintosh; Intel Mac OS X 10_13_6) AppleWebKit/537.36 (KHTML, like Gecko) Chrome/68.0.3440.84 Safari/537.36"
::1 - - [09/Aug/2018:19:46:09 +0000] "POST / HTTP/1.1" 200 142 "-" "Mozilla/5.0 (Macintosh; Intel Mac OS X 10_13_6) AppleWebKit/537.36 (KHTML, like Gecko) Chrome/68.0.3440.84 Safari/537.36"
::1 - - [09/Aug/2018:19:46:20 +0000] "POST / HTTP/1.1" 200 145 "-" "Mozilla/5.0 (Macintosh; Intel Mac OS X 10_13_6) AppleWebKit/537.36 (KHTML, like Gecko) Chrome/68.0.3440.84 Safari/537.36"
::1 - - [09/Aug/2018:19:47:06 +0000] "POST / HTTP/1.1" 200 214 "-" "Mozilla/5.0 (Macintosh; Intel Mac OS X 10_13_6) AppleWebKit/537.36 (KHTML, like Gecko) Chrome/68.0.3440.84 Safari/537.36"
::1 - - [09/Aug/2018:19:49:52 +0000] "POST / HTTP/1.1" 200 86 "-" "Mozilla/5.0 (Macintosh; Intel Mac OS X 10_13_6) AppleWebKit/537.36 (KHTML, like Gecko) Chrome/68.0.3440.84 Safari/537.36"
::1 - - [09/Aug/2018:19:50:42 +0000] "POST / HTTP/1.1" - - "-" "Mozilla/5.0 (Macintosh; Intel Mac OS X 10_13_6) AppleWebKit/537.36 (KHTML, like Gecko) Chrome/68.0.3440.84 Safari/537.36"
::1 - - [09/Aug/2018:19:50:53 +0000] "POST / HTTP/1.1" 200 177 "-" "Mozilla/5.0 (Macintosh; Intel Mac OS X 10_13_6) AppleWebKit/537.36 (KHTML, like Gecko) Chrome/68.0.3440.84 Safari/537.36"
::1 - - [09/Aug/2018:19:51:08 +0000] "POST / HTTP/1.1" 200 214 "-" "Mozilla/5.0 (Macintosh; Intel Mac OS X 10_13_6) AppleWebKit/537.36 (KHTML, like Gecko) Chrome/68.0.3440.84 Safari/537.36"
::1 - - [09/Aug/2018:19:51:46 +0000] "POST / HTTP/1.1" 200 214 "-" "Mozilla/5.0 (Macintosh; Intel Mac OS X 10_13_6) AppleWebKit/537.36 (KHTML, like Gecko) Chrome/68.0.3440.84 Safari/537.36"
::1 - - [09/Aug/2018:19:52:21 +0000] "POST / HTTP/1.1" 200 496 "-" "Mozilla/5.0 (Macintosh; Intel Mac OS X 10_13_6) AppleWebKit/537.36 (KHTML, like Gecko) Chrome/68.0.3440.84 Safari/537.36"
::1 - - [09/Aug/2018:19:54:16 +0000] "POST / HTTP/1.1" 200 497 "-" "Mozilla/5.0 (Macintosh; Intel Mac OS X 10_13_6) AppleWebKit/537.36 (KHTML, like Gecko) Chrome/68.0.3440.84 Safari/537.36"
::1 - - [09/Aug/2018:19:54:29 +0000] "POST / HTTP/1.1" 200 207 "-" "Mozilla/5.0 (Macintosh; Intel Mac OS X 10_13_6) AppleWebKit/537.36 (KHTML, like Gecko) Chrome/68.0.3440.84 Safari/537.36"
::1 - - [09/Aug/2018:19:56:31 +0000] "POST / HTTP/1.1" 200 87 "-" "Mozilla/5.0 (Macintosh; Intel Mac OS X 10_13_6) AppleWebKit/537.36 (KHTML, like Gecko) Chrome/68.0.3440.84 Safari/537.36"
::1 - - [09/Aug/2018:19:57:30 +0000] "POST / HTTP/1.1" 200 86 "-" "Mozilla/5.0 (Macintosh; Intel Mac OS X 10_13_6) AppleWebKit/537.36 (KHTML, like Gecko) Chrome/68.0.3440.84 Safari/537.36"
::1 - - [09/Aug/2018:19:59:29 +0000] "POST / HTTP/1.1" 200 207 "-" "Mozilla/5.0 (Macintosh; Intel Mac OS X 10_13_6) AppleWebKit/537.36 (KHTML, like Gecko) Chrome/68.0.3440.84 Safari/537.36"
::1 - - [09/Aug/2018:20:01:30 +0000] "POST / HTTP/1.1" 200 229 "-" "Mozilla/5.0 (Macintosh; Intel Mac OS X 10_13_6) AppleWebKit/537.36 (KHTML, like Gecko) Chrome/68.0.3440.84 Safari/537.36"
::1 - - [09/Aug/2018:20:02:03 +0000] "POST / HTTP/1.1" 500 1067 "-" "Mozilla/5.0 (Macintosh; Intel Mac OS X 10_13_6) AppleWebKit/537.36 (KHTML, like Gecko) Chrome/68.0.3440.84 Safari/537.36"
::1 - - [09/Aug/2018:20:04:30 +0000] "POST / HTTP/1.1" 200 319 "-" "Mozilla/5.0 (Macintosh; Intel Mac OS X 10_13_6) AppleWebKit/537.36 (KHTML, like Gecko) Chrome/68.0.3440.84 Safari/537.36"
::1 - - [09/Aug/2018:20:05:17 +0000] "POST / HTTP/1.1" 200 583 "-" "Mozilla/5.0 (Macintosh; Intel Mac OS X 10_13_6) AppleWebKit/537.36 (KHTML, like Gecko) Chrome/68.0.3440.84 Safari/537.36"
::1 - - [09/Aug/2018:20:06:32 +0000] "POST / HTTP/1.1" 200 582 "-" "Mozilla/5.0 (Macintosh; Intel Mac OS X 10_13_6) AppleWebKit/537.36 (KHTML, like Gecko) Chrome/68.0.3440.84 Safari/537.36"
::1 - - [09/Aug/2018:20:06:51 +0000] "POST / HTTP/1.1" 200 319 "-" "Mozilla/5.0 (Macintosh; Intel Mac OS X 10_13_6) AppleWebKit/537.36 (KHTML, like Gecko) Chrome/68.0.3440.84 Safari/537.36"
::1 - - [09/Aug/2018:20:08:23 +0000] "POST / HTTP/1.1" 200 338 "-" "Mozilla/5.0 (Macintosh; Intel Mac OS X 10_13_6) AppleWebKit/537.36 (KHTML, like Gecko) Chrome/68.0.3440.84 Safari/537.36"
::1 - - [09/Aug/2018:20:20:40 +0000] "POST / HTTP/1.1" 200 338 "-" "Mozilla/5.0 (Macintosh; Intel Mac OS X 10_13_6) AppleWebKit/537.36 (KHTML, like Gecko) Chrome/68.0.3440.84 Safari/537.36"
::1 - - [09/Aug/2018:20:30:06 +0000] "POST / HTTP/1.1" 200 338 "-" "Mozilla/5.0 (Macintosh; Intel Mac OS X 10_13_6) AppleWebKit/537.36 (KHTML, like Gecko) Chrome/68.0.3440.84 Safari/537.36"
::1 - - [09/Aug/2018:20:32:24 +0000] "POST / HTTP/1.1" 200 338 "-" "Mozilla/5.0 (Macintosh; Intel Mac OS X 10_13_6) AppleWebKit/537.36 (KHTML, like Gecko) Chrome/68.0.3440.84 Safari/537.36"
::1 - - [09/Aug/2018:20:37:22 +0000] "POST / HTTP/1.1" 200 357 "-" "Mozilla/5.0 (Macintosh; Intel Mac OS X 10_13_6) AppleWebKit/537.36 (KHTML, like Gecko) Chrome/68.0.3440.84 Safari/537.36"
::1 - - [09/Aug/2018:20:37:59 +0000] "POST / HTTP/1.1" 200 338 "-" "Mozilla/5.0 (Macintosh; Intel Mac OS X 10_13_6) AppleWebKit/537.36 (KHTML, like Gecko) Chrome/68.0.3440.84 Safari/537.36"
::1 - - [09/Aug/2018:20:39:40 +0000] "POST / HTTP/1.1" 200 338 "-" "Mozilla/5.0 (Macintosh; Intel Mac OS X 10_13_6) AppleWebKit/537.36 (KHTML, like Gecko) Chrome/68.0.3440.84 Safari/537.36"
::1 - - [09/Aug/2018:20:40:04 +0000] "POST / HTTP/1.1" 200 338 "-" "Mozilla/5.0 (Macintosh; Intel Mac OS X 10_13_6) AppleWebKit/537.36 (KHTML, like Gecko) Chrome/68.0.3440.84 Safari/537.36"
::1 - - [09/Aug/2018:20:43:08 +0000] "POST / HTTP/1.1" 500 1105 "-" "Mozilla/5.0 (Macintosh; Intel Mac OS X 10_13_6) AppleWebKit/537.36 (KHTML, like Gecko) Chrome/68.0.3440.84 Safari/537.36"
::1 - - [09/Aug/2018:20:43:58 +0000] "POST / HTTP/1.1" 200 338 "-" "Mozilla/5.0 (Macintosh; Intel Mac OS X 10_13_6) AppleWebKit/537.36 (KHTML, like Gecko) Chrome/68.0.3440.84 Safari/537.36"
::1 - - [09/Aug/2018:20:44:10 +0000] "POST / HTTP/1.1" 200 597 "-" "Mozilla/5.0 (Macintosh; Intel Mac OS X 10_13_6) AppleWebKit/537.36 (KHTML, like Gecko) Chrome/68.0.3440.84 Safari/537.36"
::1 - - [09/Aug/2018:20:49:22 +0000] "POST / HTTP/1.1" 200 128 "-" "Mozilla/5.0 (Macintosh; Intel Mac OS X 10_13_6) AppleWebKit/537.36 (KHTML, like Gecko) Chrome/68.0.3440.84 Safari/537.36"
::1 - - [09/Aug/2018:20:49:42 +0000] "POST / HTTP/1.1" 200 129 "-" "Mozilla/5.0 (Macintosh; Intel Mac OS X 10_13_6) AppleWebKit/537.36 (KHTML, like Gecko) Chrome/68.0.3440.84 Safari/537.36"
::1 - - [09/Aug/2018:21:06:38 +0000] "POST / HTTP/1.1" 200 129 "-" "Mozilla/5.0 (Macintosh; Intel Mac OS X 10_13_6) AppleWebKit/537.36 (KHTML, like Gecko) Chrome/68.0.3440.84 Safari/537.36"
::1 - - [09/Aug/2018:21:07:03 +0000] "POST / HTTP/1.1" 200 127 "-" "Mozilla/5.0 (Macintosh; Intel Mac OS X 10_13_6) AppleWebKit/537.36 (KHTML, like Gecko) Chrome/68.0.3440.84 Safari/537.36"
::1 - - [09/Aug/2018:21:08:07 +0000] "POST / HTTP/1.1" - - "-" "Mozilla/5.0 (Macintosh; Intel Mac OS X 10_13_6) AppleWebKit/537.36 (KHTML, like Gecko) Chrome/68.0.3440.84 Safari/537.36"
::1 - - [09/Aug/2018:21:08:32 +0000] "POST / HTTP/1.1" 200 128 "-" "Mozilla/5.0 (Macintosh; Intel Mac OS X 10_13_6) AppleWebKit/537.36 (KHTML, like Gecko) Chrome/68.0.3440.84 Safari/537.36"
::1 - - [09/Aug/2018:21:09:04 +0000] "POST / HTTP/1.1" 200 581 "-" "Mozilla/5.0 (Macintosh; Intel Mac OS X 10_13_6) AppleWebKit/537.36 (KHTML, like Gecko) Chrome/68.0.3440.84 Safari/537.36"
::1 - - [09/Aug/2018:21:10:29 +0000] "POST / HTTP/1.1" 200 708 "-" "Mozilla/5.0 (Macintosh; Intel Mac OS X 10_13_6) AppleWebKit/537.36 (KHTML, like Gecko) Chrome/68.0.3440.84 Safari/537.36"
::1 - - [09/Aug/2018:21:10:49 +0000] "POST / HTTP/1.1" 200 735 "-" "Mozilla/5.0 (Macintosh; Intel Mac OS X 10_13_6) AppleWebKit/537.36 (KHTML, like Gecko) Chrome/68.0.3440.84 Safari/537.36"
::1 - - [09/Aug/2018:21:11:13 +0000] "POST / HTTP/1.1" 200 682 "-" "Mozilla/5.0 (Macintosh; Intel Mac OS X 10_13_6) AppleWebKit/537.36 (KHTML, like Gecko) Chrome/68.0.3440.84 Safari/537.36"
::1 - - [09/Aug/2018:21:12:17 +0000] "POST / HTTP/1.1" 200 622 "-" "Mozilla/5.0 (Macintosh; Intel Mac OS X 10_13_6) AppleWebKit/537.36 (KHTML, like Gecko) Chrome/68.0.3440.84 Safari/537.36"
::1 - - [09/Aug/2018:21:12:36 +0000] "POST / HTTP/1.1" 200 591 "-" "Mozilla/5.0 (Macintosh; Intel Mac OS X 10_13_6) AppleWebKit/537.36 (KHTML, like Gecko) Chrome/68.0.3440.84 Safari/537.36"
::1 - - [09/Aug/2018:21:14:04 +0000] "POST / HTTP/1.1" 200 480 "-" "Mozilla/5.0 (Macintosh; Intel Mac OS X 10_13_6) AppleWebKit/537.36 (KHTML, like Gecko) Chrome/68.0.3440.84 Safari/537.36"
::1 - - [09/Aug/2018:21:14:19 +0000] "POST / HTTP/1.1" 200 511 "-" "Mozilla/5.0 (Macintosh; Intel Mac OS X 10_13_6) AppleWebKit/537.36 (KHTML, like Gecko) Chrome/68.0.3440.84 Safari/537.36"
::1 - - [09/Aug/2018:21:15:35 +0000] "POST / HTTP/1.1" 200 511 "-" "Mozilla/5.0 (Macintosh; Intel Mac OS X 10_13_6) AppleWebKit/537.36 (KHTML, like Gecko) Chrome/68.0.3440.84 Safari/537.36"
::1 - - [09/Aug/2018:21:16:59 +0000] "POST / HTTP/1.1" 200 128 "-" "Mozilla/5.0 (Macintosh; Intel Mac OS X 10_13_6) AppleWebKit/537.36 (KHTML, like Gecko) Chrome/68.0.3440.84 Safari/537.36"
::1 - - [09/Aug/2018:21:17:25 +0000] "POST / HTTP/1.1" 200 130 "-" "Mozilla/5.0 (Macintosh; Intel Mac OS X 10_13_6) AppleWebKit/537.36 (KHTML, like Gecko) Chrome/68.0.3440.84 Safari/537.36"
::1 - - [09/Aug/2018:21:17:52 +0000] "POST / HTTP/1.1" 200 129 "-" "Mozilla/5.0 (Macintosh; Intel Mac OS X 10_13_6) AppleWebKit/537.36 (KHTML, like Gecko) Chrome/68.0.3440.84 Safari/537.36"
::1 - - [09/Aug/2018:21:18:34 +0000] "POST / HTTP/1.1" 200 129 "-" "Mozilla/5.0 (Macintosh; Intel Mac OS X 10_13_6) AppleWebKit/537.36 (KHTML, like Gecko) Chrome/68.0.3440.84 Safari/537.36"
::1 - - [09/Aug/2018:21:21:42 +0000] "POST / HTTP/1.1" - - "-" "Mozilla/5.0 (Macintosh; Intel Mac OS X 10_13_6) AppleWebKit/537.36 (KHTML, like Gecko) Chrome/68.0.3440.84 Safari/537.36"
::1 - - [09/Aug/2018:21:22:49 +0000] "POST / HTTP/1.1" - - "-" "Mozilla/5.0 (Macintosh; Intel Mac OS X 10_13_6) AppleWebKit/537.36 (KHTML, like Gecko) Chrome/68.0.3440.84 Safari/537.36"
::1 - - [09/Aug/2018:21:24:27 +0000] "POST / HTTP/1.1" 200 613 "-" "Mozilla/5.0 (Macintosh; Intel Mac OS X 10_13_6) AppleWebKit/537.36 (KHTML, like Gecko) Chrome/68.0.3440.84 Safari/537.36"
::1 - - [09/Aug/2018:21:25:47 +0000] "POST / HTTP/1.1" 200 480 "-" "Mozilla/5.0 (Macintosh; Intel Mac OS X 10_13_6) AppleWebKit/537.36 (KHTML, like Gecko) Chrome/68.0.3440.84 Safari/537.36"
::1 - - [09/Aug/2018:21:26:22 +0000] "POST / HTTP/1.1" 200 511 "-" "Mozilla/5.0 (Macintosh; Intel Mac OS X 10_13_6) AppleWebKit/537.36 (KHTML, like Gecko) Chrome/68.0.3440.84 Safari/537.36"
::1 - - [09/Aug/2018:21:26:41 +0000] "POST / HTTP/1.1" 200 511 "-" "Mozilla/5.0 (Macintosh; Intel Mac OS X 10_13_6) AppleWebKit/537.36 (KHTML, like Gecko) Chrome/68.0.3440.84 Safari/537.36"
::1 - - [09/Aug/2018:21:27:04 +0000] "POST / HTTP/1.1" 200 480 "-" "Mozilla/5.0 (Macintosh; Intel Mac OS X 10_13_6) AppleWebKit/537.36 (KHTML, like Gecko) Chrome/68.0.3440.84 Safari/537.36"
::1 - - [09/Aug/2018:21:27:28 +0000] "POST / HTTP/1.1" 200 511 "-" "Mozilla/5.0 (Macintosh; Intel Mac OS X 10_13_6) AppleWebKit/537.36 (KHTML, like Gecko) Chrome/68.0.3440.84 Safari/537.36"
::1 - - [09/Aug/2018:21:28:18 +0000] "POST / HTTP/1.1" 200 480 "-" "Mozilla/5.0 (Macintosh; Intel Mac OS X 10_13_6) AppleWebKit/537.36 (KHTML, like Gecko) Chrome/68.0.3440.84 Safari/537.36"
::1 - - [09/Aug/2018:21:29:21 +0000] "POST / HTTP/1.1" 200 480 "-" "Mozilla/5.0 (Macintosh; Intel Mac OS X 10_13_6) AppleWebKit/537.36 (KHTML, like Gecko) Chrome/68.0.3440.84 Safari/537.36"
::1 - - [09/Aug/2018:21:30:12 +0000] "POST / HTTP/1.1" 200 480 "-" "Mozilla/5.0 (Macintosh; Intel Mac OS X 10_13_6) AppleWebKit/537.36 (KHTML, like Gecko) Chrome/68.0.3440.84 Safari/537.36"
::1 - - [09/Aug/2018:21:34:38 +0000] "POST / HTTP/1.1" 200 582 "-" "Mozilla/5.0 (Macintosh; Intel Mac OS X 10_13_6) AppleWebKit/537.36 (KHTML, like Gecko) Chrome/68.0.3440.84 Safari/537.36"
::1 - - [09/Aug/2018:21:36:38 +0000] "POST / HTTP/1.1" 200 732 "-" "Mozilla/5.0 (Macintosh; Intel Mac OS X 10_13_6) AppleWebKit/537.36 (KHTML, like Gecko) Chrome/68.0.3440.84 Safari/537.36"
::1 - - [09/Aug/2018:21:38:11 +0000] "POST / HTTP/1.1" 200 625 "-" "Mozilla/5.0 (Macintosh; Intel Mac OS X 10_13_6) AppleWebKit/537.36 (KHTML, like Gecko) Chrome/68.0.3440.84 Safari/537.36"
::1 - - [09/Aug/2018:21:39:43 +0000] "POST / HTTP/1.1" 200 360 "-" "Mozilla/5.0 (Macintosh; Intel Mac OS X 10_13_6) AppleWebKit/537.36 (KHTML, like Gecko) Chrome/68.0.3440.84 Safari/537.36"
::1 - - [09/Aug/2018:21:40:28 +0000] "POST / HTTP/1.1" 200 362 "-" "Mozilla/5.0 (Macintosh; Intel Mac OS X 10_13_6) AppleWebKit/537.36 (KHTML, like Gecko) Chrome/68.0.3440.84 Safari/537.36"
::1 - - [09/Aug/2018:21:41:08 +0000] "POST / HTTP/1.1" 200 627 "-" "Mozilla/5.0 (Macintosh; Intel Mac OS X 10_13_6) AppleWebKit/537.36 (KHTML, like Gecko) Chrome/68.0.3440.84 Safari/537.36"
::1 - - [09/Aug/2018:21:41:18 +0000] "POST / HTTP/1.1" 200 342 "-" "Mozilla/5.0 (Macintosh; Intel Mac OS X 10_13_6) AppleWebKit/537.36 (KHTML, like Gecko) Chrome/68.0.3440.84 Safari/537.36"
::1 - - [09/Aug/2018:21:41:27 +0000] "POST / HTTP/1.1" 200 143 "-" "Mozilla/5.0 (Macintosh; Intel Mac OS X 10_13_6) AppleWebKit/537.36 (KHTML, like Gecko) Chrome/68.0.3440.84 Safari/537.36"
::1 - - [09/Aug/2018:21:41:38 +0000] "POST / HTTP/1.1" 200 360 "-" "Mozilla/5.0 (Macintosh; Intel Mac OS X 10_13_6) AppleWebKit/537.36 (KHTML, like Gecko) Chrome/68.0.3440.84 Safari/537.36"
::1 - - [09/Aug/2018:21:42:10 +0000] "POST / HTTP/1.1" 200 360 "-" "Mozilla/5.0 (Macintosh; Intel Mac OS X 10_13_6) AppleWebKit/537.36 (KHTML, like Gecko) Chrome/68.0.3440.84 Safari/537.36"
::1 - - [09/Aug/2018:21:42:18 +0000] "POST / HTTP/1.1" 200 362 "-" "Mozilla/5.0 (Macintosh; Intel Mac OS X 10_13_6) AppleWebKit/537.36 (KHTML, like Gecko) Chrome/68.0.3440.84 Safari/537.36"
::1 - - [09/Aug/2018:21:47:38 +0000] "POST / HTTP/1.1" 200 362 "-" "Mozilla/5.0 (Macintosh; Intel Mac OS X 10_13_6) AppleWebKit/537.36 (KHTML, like Gecko) Chrome/68.0.3440.84 Safari/537.36"
::1 - - [09/Aug/2018:21:47:52 +0000] "POST / HTTP/1.1" 200 590 "-" "Mozilla/5.0 (Macintosh; Intel Mac OS X 10_13_6) AppleWebKit/537.36 (KHTML, like Gecko) Chrome/68.0.3440.84 Safari/537.36"
::1 - - [09/Aug/2018:21:48:05 +0000] "POST / HTTP/1.1" 200 342 "-" "Mozilla/5.0 (Macintosh; Intel Mac OS X 10_13_6) AppleWebKit/537.36 (KHTML, like Gecko) Chrome/68.0.3440.84 Safari/537.36"
::1 - - [09/Aug/2018:21:48:19 +0000] "POST / HTTP/1.1" 200 360 "-" "Mozilla/5.0 (Macintosh; Intel Mac OS X 10_13_6) AppleWebKit/537.36 (KHTML, like Gecko) Chrome/68.0.3440.84 Safari/537.36"
::1 - - [09/Aug/2018:21:48:33 +0000] "POST / HTTP/1.1" 200 355 "-" "Mozilla/5.0 (Macintosh; Intel Mac OS X 10_13_6) AppleWebKit/537.36 (KHTML, like Gecko) Chrome/68.0.3440.84 Safari/537.36"
::1 - - [09/Aug/2018:21:49:00 +0000] "POST / HTTP/1.1" 200 440 "-" "Mozilla/5.0 (Macintosh; Intel Mac OS X 10_13_6) AppleWebKit/537.36 (KHTML, like Gecko) Chrome/68.0.3440.84 Safari/537.36" www.uw.edu
::1 - - [09/Aug/2018:21:52:12 +0000] "POST / HTTP/1.1" 200 342 "-" "Mozilla/5.0 (Macintosh; Intel Mac OS X 10_13_6) AppleWebKit/537.36 (KHTML, like Gecko) Chrome/68.0.3440.84 Safari/537.36" www.amazon.com
::1 - - [09/Aug/2018:21:52:44 +0000] "POST / HTTP/1.1" 200 627 "-" "Mozilla/5.0 (Macintosh; Intel Mac OS X 10_13_6) AppleWebKit/537.36 (KHTML, like Gecko) Chrome/68.0.3440.84 Safari/537.36" www.twitter.com
::1 - - [09/Aug/2018:21:53:09 +0000] "POST / HTTP/1.1" 200 362 "-" "Mozilla/5.0 (Macintosh; Intel Mac OS X 10_13_6) AppleWebKit/537.36 (KHTML, like Gecko) Chrome/68.0.3440.84 Safari/537.36" www.evocalize.com
::1 - - [09/Aug/2018:21:54:52 +0000] "POST / HTTP/1.1" 200 369 "-" "Mozilla/5.0 (Macintosh; Intel Mac OS X 10_13_6) AppleWebKit/537.36 (KHTML, like Gecko) Chrome/68.0.3440.84 Safari/537.36" www.microsoft.com
::1 - - [09/Aug/2018:21:55:24 +0000] "POST / HTTP/1.1" 200 143 "-" "Mozilla/5.0 (Macintosh; Intel Mac OS X 10_13_6) AppleWebKit/537.36 (KHTML, like Gecko) Chrome/68.0.3440.84 Safari/537.36" www.google.com
::1 - - [09/Aug/2018:23:09:49 +0000] "POST / HTTP/1.1" 200 132 "-" "Mozilla/5.0 (Macintosh; Intel Mac OS X 10_13_6) AppleWebKit/537.36 (KHTML, like Gecko) Chrome/68.0.3440.84 Safari/537.36"
::1 - - [09/Aug/2018:23:09:57 +0000] "POST / HTTP/1.1" 200 146 "-" "Mozilla/5.0 (Macintosh; Intel Mac OS X 10_13_6) AppleWebKit/537.36 (KHTML, like Gecko) Chrome/68.0.3440.84 Safari/537.36"
::1 - - [09/Aug/2018:23:10:05 +0000] "POST / HTTP/1.1" 200 627 "-" "Mozilla/5.0 (Macintosh; Intel Mac OS X 10_13_6) AppleWebKit/537.36 (KHTML, like Gecko) Chrome/68.0.3440.84 Safari/537.36"
::1 - - [09/Aug/2018:23:52:44 +0000] "POST / HTTP/1.1" 200 375 "-" "Mozilla/5.0 (Macintosh; Intel Mac OS X 10_13_6) AppleWebKit/537.36 (KHTML, like Gecko) Chrome/68.0.3440.84 Safari/537.36"
::1 - - [10/Aug/2018:00:19:08 +0000] "POST / HTTP/1.1" 200 587 "-" "Mozilla/5.0 (Macintosh; Intel Mac OS X 10_13_6) AppleWebKit/537.36 (KHTML, like Gecko) Chrome/68.0.3440.84 Safari/537.36"
::1 - - [10/Aug/2018:00:23:00 +0000] "POST / HTTP/1.1" 500 1239 "-" "Mozilla/5.0 (Macintosh; Intel Mac OS X 10_13_6) AppleWebKit/537.36 (KHTML, like Gecko) Chrome/68.0.3440.84 Safari/537.36"
::1 - - [10/Aug/2018:00:23:12 +0000] "POST / HTTP/1.1" 200 264 "-" "Mozilla/5.0 (Macintosh; Intel Mac OS X 10_13_6) AppleWebKit/537.36 (KHTML, like Gecko) Chrome/68.0.3440.84 Safari/537.36"
::1 - - [10/Aug/2018:00:23:25 +0000] "POST / HTTP/1.1" 200 349 "-" "Mozilla/5.0 (Macintosh; Intel Mac OS X 10_13_6) AppleWebKit/537.36 (KHTML, like Gecko) Chrome/68.0.3440.84 Safari/537.36"
::1 - - [10/Aug/2018:00:24:14 +0000] "POST / HTTP/1.1" 200 258 "-" "Mozilla/5.0 (Macintosh; Intel Mac OS X 10_13_6) AppleWebKit/537.36 (KHTML, like Gecko) Chrome/68.0.3440.84 Safari/537.36"
::1 - - [10/Aug/2018:00:24:24 +0000] "POST / HTTP/1.1" 200 222 "-" "Mozilla/5.0 (Macintosh; Intel Mac OS X 10_13_6) AppleWebKit/537.36 (KHTML, like Gecko) Chrome/68.0.3440.84 Safari/537.36"
::1 - - [10/Aug/2018:00:24:50 +0000] "POST / HTTP/1.1" 200 414 "-" "Mozilla/5.0 (Macintosh; Intel Mac OS X 10_13_6) AppleWebKit/537.36 (KHTML, like Gecko) Chrome/68.0.3440.84 Safari/537.36"
::1 - - [10/Aug/2018:00:25:05 +0000] "POST / HTTP/1.1" 200 342 "-" "Mozilla/5.0 (Macintosh; Intel Mac OS X 10_13_6) AppleWebKit/537.36 (KHTML, like Gecko) Chrome/68.0.3440.84 Safari/537.36"
::1 - - [10/Aug/2018:00:25:13 +0000] "POST / HTTP/1.1" 200 658 "-" "Mozilla/5.0 (Macintosh; Intel Mac OS X 10_13_6) AppleWebKit/537.36 (KHTML, like Gecko) Chrome/68.0.3440.84 Safari/537.36"
::1 - - [10/Aug/2018:00:28:16 +0000] "POST / HTTP/1.1" 200 196 "-" "Mozilla/5.0 (Macintosh; Intel Mac OS X 10_13_6) AppleWebKit/537.36 (KHTML, like Gecko) Chrome/68.0.3440.84 Safari/537.36"
::1 - - [10/Aug/2018:00:28:38 +0000] "POST / HTTP/1.1" 200 197 "-" "Mozilla/5.0 (Macintosh; Intel Mac OS X 10_13_6) AppleWebKit/537.36 (KHTML, like Gecko) Chrome/68.0.3440.84 Safari/537.36"
::1 - - [10/Aug/2018:00:29:11 +0000] "POST / HTTP/1.1" 200 153 "-" "Mozilla/5.0 (Macintosh; Intel Mac OS X 10_13_6) AppleWebKit/537.36 (KHTML, like Gecko) Chrome/68.0.3440.84 Safari/537.36"
::1 - - [10/Aug/2018:00:29:28 +0000] "POST / HTTP/1.1" 200 155 "-" "Mozilla/5.0 (Macintosh; Intel Mac OS X 10_13_6) AppleWebKit/537.36 (KHTML, like Gecko) Chrome/68.0.3440.84 Safari/537.36"
::1 - - [10/Aug/2018:00:30:21 +0000] "POST / HTTP/1.1" 200 143 "-" "Mozilla/5.0 (Macintosh; Intel Mac OS X 10_13_6) AppleWebKit/537.36 (KHTML, like Gecko) Chrome/68.0.3440.84 Safari/537.36"
::1 - - [10/Aug/2018:00:30:29 +0000] "POST / HTTP/1.1" 200 660 "-" "Mozilla/5.0 (Macintosh; Intel Mac OS X 10_13_6) AppleWebKit/537.36 (KHTML, like Gecko) Chrome/68.0.3440.84 Safari/537.36"
::1 - - [10/Aug/2018:00:37:10 +0000] "POST / HTTP/1.1" 200 643 "-" "Mozilla/5.0 (Macintosh; Intel Mac OS X 10_13_6) AppleWebKit/537.36 (KHTML, like Gecko) Chrome/68.0.3440.84 Safari/537.36"
::1 - - [10/Aug/2018:00:37:23 +0000] "POST / HTTP/1.1" 200 146 "-" "Mozilla/5.0 (Macintosh; Intel Mac OS X 10_13_6) AppleWebKit/537.36 (KHTML, like Gecko) Chrome/68.0.3440.84 Safari/537.36"
::1 - - [10/Aug/2018:00:37:52 +0000] "POST / HTTP/1.1" 200 600 "-" "Mozilla/5.0 (Macintosh; Intel Mac OS X 10_13_6) AppleWebKit/537.36 (KHTML, like Gecko) Chrome/68.0.3440.84 Safari/537.36"
::1 - - [10/Aug/2018:00:38:33 +0000] "POST / HTTP/1.1" 200 366 "-" "Mozilla/5.0 (Macintosh; Intel Mac OS X 10_13_6) AppleWebKit/537.36 (KHTML, like Gecko) Chrome/68.0.3440.84 Safari/537.36"
::1 - - [10/Aug/2018:00:38:54 +0000] "POST / HTTP/1.1" 200 588 "-" "Mozilla/5.0 (Macintosh; Intel Mac OS X 10_13_6) AppleWebKit/537.36 (KHTML, like Gecko) Chrome/68.0.3440.84 Safari/537.36"
::1 - - [10/Aug/2018:01:03:33 +0000] "POST / HTTP/1.1" 200 145 "-" "Mozilla/5.0 (Macintosh; Intel Mac OS X 10_13_6) AppleWebKit/537.36 (KHTML, like Gecko) Chrome/68.0.3440.84 Safari/537.36"
::1 - - [10/Aug/2018:01:03:39 +0000] "POST / HTTP/1.1" 200 144 "-" "Mozilla/5.0 (Macintosh; Intel Mac OS X 10_13_6) AppleWebKit/537.36 (KHTML, like Gecko) Chrome/68.0.3440.84 Safari/537.36"
::1 - - [10/Aug/2018:01:03:47 +0000] "POST / HTTP/1.1" 200 144 "-" "Mozilla/5.0 (Macintosh; Intel Mac OS X 10_13_6) AppleWebKit/537.36 (KHTML, like Gecko) Chrome/68.0.3440.84 Safari/537.36"
::1 - - [10/Aug/2018:01:03:51 +0000] "POST / HTTP/1.1" 200 144 "-" "Mozilla/5.0 (Macintosh; Intel Mac OS X 10_13_6) AppleWebKit/537.36 (KHTML, like Gecko) Chrome/68.0.3440.84 Safari/537.36"
::1 - - [10/Aug/2018:01:04:08 +0000] "POST / HTTP/1.1" 200 609 "-" "Mozilla/5.0 (Macintosh; Intel Mac OS X 10_13_6) AppleWebKit/537.36 (KHTML, like Gecko) Chrome/68.0.3440.84 Safari/537.36"
::1 - - [10/Aug/2018:01:04:22 +0000] "POST / HTTP/1.1" 200 144 "-" "Mozilla/5.0 (Macintosh; Intel Mac OS X 10_13_6) AppleWebKit/537.36 (KHTML, like Gecko) Chrome/68.0.3440.84 Safari/537.36"
::1 - - [10/Aug/2018:01:04:29 +0000] "POST / HTTP/1.1" 200 587 "-" "Mozilla/5.0 (Macintosh; Intel Mac OS X 10_13_6) AppleWebKit/537.36 (KHTML, like Gecko) Chrome/68.0.3440.84 Safari/537.36"
::1 - - [10/Aug/2018:01:07:10 +0000] "POST / HTTP/1.1" 200 501 "-" "Mozilla/5.0 (Macintosh; Intel Mac OS X 10_13_6) AppleWebKit/537.36 (KHTML, like Gecko) Chrome/68.0.3440.84 Safari/537.36"
::1 - - [10/Aug/2018:01:09:00 +0000] "POST / HTTP/1.1" 200 2 "-" "Mozilla/5.0 (Macintosh; Intel Mac OS X 10_13_6) AppleWebKit/537.36 (KHTML, like Gecko) Chrome/68.0.3440.84 Safari/537.36"
::1 - - [10/Aug/2018:01:09:03 +0000] "POST / HTTP/1.1" 200 2 "-" "Mozilla/5.0 (Macintosh; Intel Mac OS X 10_13_6) AppleWebKit/537.36 (KHTML, like Gecko) Chrome/68.0.3440.84 Safari/537.36"
::1 - - [10/Aug/2018:01:09:05 +0000] "POST / HTTP/1.1" 200 2 "-" "Mozilla/5.0 (Macintosh; Intel Mac OS X 10_13_6) AppleWebKit/537.36 (KHTML, like Gecko) Chrome/68.0.3440.84 Safari/537.36"
::1 - - [10/Aug/2018:01:09:08 +0000] "POST / HTTP/1.1" 200 2 "-" "Mozilla/5.0 (Macintosh; Intel Mac OS X 10_13_6) AppleWebKit/537.36 (KHTML, like Gecko) Chrome/68.0.3440.84 Safari/537.36"
::1 - - [10/Aug/2018:01:09:26 +0000] "POST / HTTP/1.1" 200 466 "-" "Mozilla/5.0 (Macintosh; Intel Mac OS X 10_13_6) AppleWebKit/537.36 (KHTML, like Gecko) Chrome/68.0.3440.84 Safari/537.36"
::1 - - [10/Aug/2018:01:15:00 +0000] "POST / HTTP/1.1" 200 94 "-" "Mozilla/5.0 (Macintosh; Intel Mac OS X 10_13_6) AppleWebKit/537.36 (KHTML, like Gecko) Chrome/68.0.3440.84 Safari/537.36"
::1 - - [10/Aug/2018:01:16:11 +0000] "POST / HTTP/1.1" 200 38 "-" "Mozilla/5.0 (Macintosh; Intel Mac OS X 10_13_6) AppleWebKit/537.36 (KHTML, like Gecko) Chrome/68.0.3440.84 Safari/537.36"
::1 - - [10/Aug/2018:04:24:07 +0000] "POST / HTTP/1.1" 200 107 "-" "Mozilla/5.0 (Macintosh; Intel Mac OS X 10_13_6) AppleWebKit/537.36 (KHTML, like Gecko) Chrome/68.0.3440.84 Safari/537.36"
::1 - - [10/Aug/2018:04:24:34 +0000] "POST / HTTP/1.1" 200 114 "-" "Mozilla/5.0 (Macintosh; Intel Mac OS X 10_13_6) AppleWebKit/537.36 (KHTML, like Gecko) Chrome/68.0.3440.84 Safari/537.36"
::1 - - [10/Aug/2018:04:25:19 +0000] "POST / HTTP/1.1" 200 75 "-" "Mozilla/5.0 (Macintosh; Intel Mac OS X 10_13_6) AppleWebKit/537.36 (KHTML, like Gecko) Chrome/68.0.3440.84 Safari/537.36"
::1 - - [10/Aug/2018:05:02:49 +0000] "POST / HTTP/1.1" 200 303 "-" "Mozilla/5.0 (Macintosh; Intel Mac OS X 10_13_6) AppleWebKit/537.36 (KHTML, like Gecko) Chrome/68.0.3440.84 Safari/537.36"
::1 - - [10/Aug/2018:05:02:58 +0000] "POST / HTTP/1.1" 200 301 "-" "Mozilla/5.0 (Macintosh; Intel Mac OS X 10_13_6) AppleWebKit/537.36 (KHTML, like Gecko) Chrome/68.0.3440.84 Safari/537.36"
::1 - - [10/Aug/2018:05:03:12 +0000] "POST / HTTP/1.1" 200 586 "-" "Mozilla/5.0 (Macintosh; Intel Mac OS X 10_13_6) AppleWebKit/537.36 (KHTML, like Gecko) Chrome/68.0.3440.84 Safari/537.36"
::1 - - [10/Aug/2018:05:05:44 +0000] "POST / HTTP/1.1" 200 2 "-" "Mozilla/5.0 (Macintosh; Intel Mac OS X 10_13_6) AppleWebKit/537.36 (KHTML, like Gecko) Chrome/68.0.3440.84 Safari/537.36"
::1 - - [10/Aug/2018:05:05:46 +0000] "POST / HTTP/1.1" 200 2 "-" "Mozilla/5.0 (Macintosh; Intel Mac OS X 10_13_6) AppleWebKit/537.36 (KHTML, like Gecko) Chrome/68.0.3440.84 Safari/537.36"
::1 - - [10/Aug/2018:05:05:47 +0000] "POST / HTTP/1.1" 200 2 "-" "Mozilla/5.0 (Macintosh; Intel Mac OS X 10_13_6) AppleWebKit/537.36 (KHTML, like Gecko) Chrome/68.0.3440.84 Safari/537.36"
::1 - - [10/Aug/2018:05:05:50 +0000] "POST / HTTP/1.1" 200 2 "-" "Mozilla/5.0 (Macintosh; Intel Mac OS X 10_13_6) AppleWebKit/537.36 (KHTML, like Gecko) Chrome/68.0.3440.84 Safari/537.36"
::1 - - [10/Aug/2018:05:05:51 +0000] "POST / HTTP/1.1" 200 2 "-" "Mozilla/5.0 (Macintosh; Intel Mac OS X 10_13_6) AppleWebKit/537.36 (KHTML, like Gecko) Chrome/68.0.3440.84 Safari/537.36"
::1 - - [10/Aug/2018:05:05:55 +0000] "POST / HTTP/1.1" 200 2 "-" "Mozilla/5.0 (Macintosh; Intel Mac OS X 10_13_6) AppleWebKit/537.36 (KHTML, like Gecko) Chrome/68.0.3440.84 Safari/537.36"
::1 - - [10/Aug/2018:05:05:56 +0000] "POST / HTTP/1.1" 200 466 "-" "Mozilla/5.0 (Macintosh; Intel Mac OS X 10_13_6) AppleWebKit/537.36 (KHTML, like Gecko) Chrome/68.0.3440.84 Safari/537.36"
::1 - - [10/Aug/2018:05:05:56 +0000] "POST / HTTP/1.1" 200 466 "-" "Mozilla/5.0 (Macintosh; Intel Mac OS X 10_13_6) AppleWebKit/537.36 (KHTML, like Gecko) Chrome/68.0.3440.84 Safari/537.36"
::1 - - [10/Aug/2018:05:26:27 +0000] "POST / HTTP/1.1" 200 565 "-" "Mozilla/5.0 (Macintosh; Intel Mac OS X 10_13_6) AppleWebKit/537.36 (KHTML, like Gecko) Chrome/68.0.3440.84 Safari/537.36"
::1 - - [10/Aug/2018:05:26:35 +0000] "POST / HTTP/1.1" 200 11 "-" "Mozilla/5.0 (Macintosh; Intel Mac OS X 10_13_6) AppleWebKit/537.36 (KHTML, like Gecko) Chrome/68.0.3440.84 Safari/537.36"
::1 - - [10/Aug/2018:05:26:37 +0000] "POST / HTTP/1.1" 200 11 "-" "Mozilla/5.0 (Macintosh; Intel Mac OS X 10_13_6) AppleWebKit/537.36 (KHTML, like Gecko) Chrome/68.0.3440.84 Safari/537.36"
::1 - - [10/Aug/2018:05:26:37 +0000] "POST / HTTP/1.1" 200 11 "-" "Mozilla/5.0 (Macintosh; Intel Mac OS X 10_13_6) AppleWebKit/537.36 (KHTML, like Gecko) Chrome/68.0.3440.84 Safari/537.36"
::1 - - [10/Aug/2018:05:26:38 +0000] "POST / HTTP/1.1" 200 475 "-" "Mozilla/5.0 (Macintosh; Intel Mac OS X 10_13_6) AppleWebKit/537.36 (KHTML, like Gecko) Chrome/68.0.3440.84 Safari/537.36"
::1 - - [10/Aug/2018:05:28:19 +0000] "POST / HTTP/1.1" 200 47 "-" "Mozilla/5.0 (Macintosh; Intel Mac OS X 10_13_6) AppleWebKit/537.36 (KHTML, like Gecko) Chrome/68.0.3440.84 Safari/537.36"
::1 - - [10/Aug/2018:05:28:24 +0000] "POST / HTTP/1.1" 200 103 "-" "Mozilla/5.0 (Macintosh; Intel Mac OS X 10_13_6) AppleWebKit/537.36 (KHTML, like Gecko) Chrome/68.0.3440.84 Safari/537.36"
::1 - - [10/Aug/2018:17:14:56 +0000] "POST / HTTP/1.1" 200 566 "-" "Mozilla/5.0 (Macintosh; Intel Mac OS X 10_13_6) AppleWebKit/537.36 (KHTML, like Gecko) Chrome/68.0.3440.106 Safari/537.36"
::1 - - [10/Aug/2018:17:15:11 +0000] "POST / HTTP/1.1" 200 11 "-" "Mozilla/5.0 (Macintosh; Intel Mac OS X 10_13_6) AppleWebKit/537.36 (KHTML, like Gecko) Chrome/68.0.3440.106 Safari/537.36"
::1 - - [10/Aug/2018:17:15:11 +0000] "POST / HTTP/1.1" 200 11 "-" "Mozilla/5.0 (Macintosh; Intel Mac OS X 10_13_6) AppleWebKit/537.36 (KHTML, like Gecko) Chrome/68.0.3440.106 Safari/537.36"
::1 - - [10/Aug/2018:17:15:12 +0000] "POST / HTTP/1.1" 200 11 "-" "Mozilla/5.0 (Macintosh; Intel Mac OS X 10_13_6) AppleWebKit/537.36 (KHTML, like Gecko) Chrome/68.0.3440.106 Safari/537.36"
::1 - - [10/Aug/2018:17:15:12 +0000] "POST / HTTP/1.1" 200 11 "-" "Mozilla/5.0 (Macintosh; Intel Mac OS X 10_13_6) AppleWebKit/537.36 (KHTML, like Gecko) Chrome/68.0.3440.106 Safari/537.36"
::1 - - [10/Aug/2018:17:15:13 +0000] "POST / HTTP/1.1" 200 11 "-" "Mozilla/5.0 (Macintosh; Intel Mac OS X 10_13_6) AppleWebKit/537.36 (KHTML, like Gecko) Chrome/68.0.3440.106 Safari/537.36"
::1 - - [10/Aug/2018:17:15:13 +0000] "POST / HTTP/1.1" 200 11 "-" "Mozilla/5.0 (Macintosh; Intel Mac OS X 10_13_6) AppleWebKit/537.36 (KHTML, like Gecko) Chrome/68.0.3440.106 Safari/537.36"
::1 - - [10/Aug/2018:17:15:14 +0000] "POST / HTTP/1.1" 200 11 "-" "Mozilla/5.0 (Macintosh; Intel Mac OS X 10_13_6) AppleWebKit/537.36 (KHTML, like Gecko) Chrome/68.0.3440.106 Safari/537.36"
::1 - - [10/Aug/2018:17:15:14 +0000] "POST / HTTP/1.1" 200 11 "-" "Mozilla/5.0 (Macintosh; Intel Mac OS X 10_13_6) AppleWebKit/537.36 (KHTML, like Gecko) Chrome/68.0.3440.106 Safari/537.36"
::1 - - [10/Aug/2018:17:15:15 +0000] "POST / HTTP/1.1" 200 475 "-" "Mozilla/5.0 (Macintosh; Intel Mac OS X 10_13_6) AppleWebKit/537.36 (KHTML, like Gecko) Chrome/68.0.3440.106 Safari/537.36"
::1 - - [10/Aug/2018:17:15:15 +0000] "POST / HTTP/1.1" 200 11 "-" "Mozilla/5.0 (Macintosh; Intel Mac OS X 10_13_6) AppleWebKit/537.36 (KHTML, like Gecko) Chrome/68.0.3440.106 Safari/537.36"
::1 - - [10/Aug/2018:17:15:16 +0000] "POST / HTTP/1.1" 200 475 "-" "Mozilla/5.0 (Macintosh; Intel Mac OS X 10_13_6) AppleWebKit/537.36 (KHTML, like Gecko) Chrome/68.0.3440.106 Safari/537.36"
::1 - - [10/Aug/2018:17:15:16 +0000] "POST / HTTP/1.1" 200 475 "-" "Mozilla/5.0 (Macintosh; Intel Mac OS X 10_13_6) AppleWebKit/537.36 (KHTML, like Gecko) Chrome/68.0.3440.106 Safari/537.36"
::1 - - [10/Aug/2018:17:15:29 +0000] "POST / HTTP/1.1" 200 103 "-" "Mozilla/5.0 (Macintosh; Intel Mac OS X 10_13_6) AppleWebKit/537.36 (KHTML, like Gecko) Chrome/68.0.3440.106 Safari/537.36"
::1 - - [10/Aug/2018:17:19:27 +0000] "POST / HTTP/1.1" 200 583 "-" "Mozilla/5.0 (Macintosh; Intel Mac OS X 10_13_6) AppleWebKit/537.36 (KHTML, like Gecko) Chrome/68.0.3440.106 Safari/537.36"
::1 - - [10/Aug/2018:21:30:58 +0000] "POST / HTTP/1.1" 200 141 "-" "Mozilla/5.0 (Macintosh; Intel Mac OS X 10_13_6) AppleWebKit/537.36 (KHTML, like Gecko) Chrome/68.0.3440.106 Safari/537.36"
::ffff:192.168.1.3 - - [10/Aug/2018:21:37:36 +0000] "POST / HTTP/1.1" 200 114 "http://localhost:8000/" "Mozilla/5.0 (Macintosh; Intel Mac OS X 10_13_2) AppleWebKit/537.36 (KHTML, like Gecko) Chrome/68.0.3440.106 Safari/537.36"
::ffff:192.168.1.3 - - [10/Aug/2018:21:37:55 +0000] "POST / HTTP/1.1" 200 334 "http://localhost:8000/" "Mozilla/5.0 (Macintosh; Intel Mac OS X 10_13_2) AppleWebKit/537.36 (KHTML, like Gecko) Chrome/68.0.3440.106 Safari/537.36"
::ffff:192.168.1.3 - - [10/Aug/2018:21:39:27 +0000] "POST / HTTP/1.1" 200 466 "http://localhost:8000/" "Mozilla/5.0 (Macintosh; Intel Mac OS X 10_13_2) AppleWebKit/537.36 (KHTML, like Gecko) Chrome/68.0.3440.106 Safari/537.36"
::1 - - [10/Aug/2018:21:40:39 +0000] "POST /raj HTTP/1.1" 404 143 "-" "Mozilla/5.0 (Macintosh; Intel Mac OS X 10_13_6) AppleWebKit/537.36 (KHTML, like Gecko) Chrome/68.0.3440.106 Safari/537.36"
::ffff:192.168.1.3 - - [10/Aug/2018:21:40:57 +0000] "POST / HTTP/1.1" 200 114 "http://localhost:8000/" "Mozilla/5.0 (Macintosh; Intel Mac OS X 10_13_2) AppleWebKit/537.36 (KHTML, like Gecko) Chrome/68.0.3440.106 Safari/537.36"
::ffff:192.168.1.3 - - [10/Aug/2018:21:42:03 +0000] "POST / HTTP/1.1" 200 114 "http://localhost:8000/" "Mozilla/5.0 (Macintosh; Intel Mac OS X 10_13_2) AppleWebKit/537.36 (KHTML, like Gecko) Chrome/68.0.3440.106 Safari/537.36"
::ffff:192.168.1.3 - - [10/Aug/2018:21:45:38 +0000] "POST / HTTP/1.1" 200 114 "http://localhost:8000/" "Mozilla/5.0 (Macintosh; Intel Mac OS X 10_13_2) AppleWebKit/537.36 (KHTML, like Gecko) Chrome/68.0.3440.106 Safari/537.36"
::ffff:192.168.1.3 - - [10/Aug/2018:21:45:56 +0000] "POST / HTTP/1.1" 200 977 "http://localhost:8000/" "Mozilla/5.0 (Macintosh; Intel Mac OS X 10_13_2) AppleWebKit/537.36 (KHTML, like Gecko) Chrome/68.0.3440.106 Safari/537.36"
::ffff:192.168.1.3 - - [10/Aug/2018:21:47:18 +0000] "POST / HTTP/1.1" 200 675 "http://localhost:8000/" "Mozilla/5.0 (Macintosh; Intel Mac OS X 10_13_2) AppleWebKit/537.36 (KHTML, like Gecko) Chrome/68.0.3440.106 Safari/537.36"
