::1 - - [09/Aug/2018:04:53:47 +0000] "POST /type/a HTTP/1.1" 200 81 "-" "Mozilla/5.0 (Macintosh; Intel Mac OS X 10_13_6) AppleWebKit/537.36 (KHTML, like Gecko) Chrome/68.0.3440.84 Safari/537.36"
::1 - - [09/Aug/2018:04:57:44 +0000] "POST /type/AAAA HTTP/1.1" 400 83 "-" "Mozilla/5.0 (Macintosh; Intel Mac OS X 10_13_6) AppleWebKit/537.36 (KHTML, like Gecko) Chrome/68.0.3440.84 Safari/537.36"
::1 - - [09/Aug/2018:04:57:52 +0000] "POST /type/AAAA HTTP/1.1" 200 50 "-" "Mozilla/5.0 (Macintosh; Intel Mac OS X 10_13_6) AppleWebKit/537.36 (KHTML, like Gecko) Chrome/68.0.3440.84 Safari/537.36"
::1 - - [09/Aug/2018:05:01:52 +0000] "POST /type/A HTTP/1.1" 200 39 "-" "Mozilla/5.0 (Macintosh; Intel Mac OS X 10_13_6) AppleWebKit/537.36 (KHTML, like Gecko) Chrome/68.0.3440.84 Safari/537.36"
::1 - - [09/Aug/2018:05:02:04 +0000] "POST /type/A HTTP/1.1" 400 11 "-" "Mozilla/5.0 (Macintosh; Intel Mac OS X 10_13_6) AppleWebKit/537.36 (KHTML, like Gecko) Chrome/68.0.3440.84 Safari/537.36"
::1 - - [09/Aug/2018:05:02:36 +0000] "POST /type/A HTTP/1.1" 400 17 "-" "Mozilla/5.0 (Macintosh; Intel Mac OS X 10_13_6) AppleWebKit/537.36 (KHTML, like Gecko) Chrome/68.0.3440.84 Safari/537.36"
::1 - - [09/Aug/2018:05:02:40 +0000] "POST /type/A HTTP/1.1" 200 39 "-" "Mozilla/5.0 (Macintosh; Intel Mac OS X 10_13_6) AppleWebKit/537.36 (KHTML, like Gecko) Chrome/68.0.3440.84 Safari/537.36"
::1 - - [09/Aug/2018:05:03:03 +0000] "POST /type/A HTTP/1.1" 200 52 "-" "Mozilla/5.0 (Macintosh; Intel Mac OS X 10_13_6) AppleWebKit/537.36 (KHTML, like Gecko) Chrome/68.0.3440.84 Safari/537.36"
::1 - - [09/Aug/2018:05:04:21 +0000] "POST /type/A HTTP/1.1" 200 98 "-" "Mozilla/5.0 (Macintosh; Intel Mac OS X 10_13_6) AppleWebKit/537.36 (KHTML, like Gecko) Chrome/68.0.3440.84 Safari/537.36"
::1 - - [09/Aug/2018:05:05:54 +0000] "POST /type/A HTTP/1.1" 200 85 "-" "Mozilla/5.0 (Macintosh; Intel Mac OS X 10_13_6) AppleWebKit/537.36 (KHTML, like Gecko) Chrome/68.0.3440.84 Safari/537.36"
::1 - - [09/Aug/2018:05:07:27 +0000] "POST /type/AAAA HTTP/1.1" 200 99 "-" "Mozilla/5.0 (Macintosh; Intel Mac OS X 10_13_6) AppleWebKit/537.36 (KHTML, like Gecko) Chrome/68.0.3440.84 Safari/537.36"
::1 - - [09/Aug/2018:05:08:42 +0000] "POST /type/CNAME HTTP/1.1" 400 83 "-" "Mozilla/5.0 (Macintosh; Intel Mac OS X 10_13_6) AppleWebKit/537.36 (KHTML, like Gecko) Chrome/68.0.3440.84 Safari/537.36"
::1 - - [09/Aug/2018:05:09:49 +0000] "POST /type/CNAME HTTP/1.1" 400 85 "-" "Mozilla/5.0 (Macintosh; Intel Mac OS X 10_13_6) AppleWebKit/537.36 (KHTML, like Gecko) Chrome/68.0.3440.84 Safari/537.36"
::1 - - [09/Aug/2018:05:10:31 +0000] "POST /type/CNAME HTTP/1.1" 400 85 "-" "Mozilla/5.0 (Macintosh; Intel Mac OS X 10_13_6) AppleWebKit/537.36 (KHTML, like Gecko) Chrome/68.0.3440.84 Safari/537.36"
::1 - - [09/Aug/2018:05:10:37 +0000] "POST /type/CNAME HTTP/1.1" 200 89 "-" "Mozilla/5.0 (Macintosh; Intel Mac OS X 10_13_6) AppleWebKit/537.36 (KHTML, like Gecko) Chrome/68.0.3440.84 Safari/537.36"
::1 - - [09/Aug/2018:05:11:18 +0000] "POST /type/CNAME HTTP/1.1" 400 87 "-" "Mozilla/5.0 (Macintosh; Intel Mac OS X 10_13_6) AppleWebKit/537.36 (KHTML, like Gecko) Chrome/68.0.3440.84 Safari/537.36"
::1 - - [09/Aug/2018:05:11:23 +0000] "POST /type/CNAME HTTP/1.1" 200 89 "-" "Mozilla/5.0 (Macintosh; Intel Mac OS X 10_13_6) AppleWebKit/537.36 (KHTML, like Gecko) Chrome/68.0.3440.84 Safari/537.36"
::1 - - [09/Aug/2018:05:11:30 +0000] "POST /type/CNAME HTTP/1.1" 200 83 "-" "Mozilla/5.0 (Macintosh; Intel Mac OS X 10_13_6) AppleWebKit/537.36 (KHTML, like Gecko) Chrome/68.0.3440.84 Safari/537.36"
::1 - - [09/Aug/2018:05:13:35 +0000] "POST /type/CNAME HTTP/1.1" 400 55 "-" "Mozilla/5.0 (Macintosh; Intel Mac OS X 10_13_6) AppleWebKit/537.36 (KHTML, like Gecko) Chrome/68.0.3440.84 Safari/537.36"
::1 - - [09/Aug/2018:05:14:03 +0000] "POST /type/CNAME HTTP/1.1" 400 55 "-" "Mozilla/5.0 (Macintosh; Intel Mac OS X 10_13_6) AppleWebKit/537.36 (KHTML, like Gecko) Chrome/68.0.3440.84 Safari/537.36"
::1 - - [09/Aug/2018:05:15:06 +0000] "POST /type/MX HTTP/1.1" 200 56 "-" "Mozilla/5.0 (Macintosh; Intel Mac OS X 10_13_6) AppleWebKit/537.36 (KHTML, like Gecko) Chrome/68.0.3440.84 Safari/537.36"
::1 - - [09/Aug/2018:05:15:48 +0000] "POST /type/MX HTTP/1.1" 200 56 "-" "Mozilla/5.0 (Macintosh; Intel Mac OS X 10_13_6) AppleWebKit/537.36 (KHTML, like Gecko) Chrome/68.0.3440.84 Safari/537.36"
::1 - - [09/Aug/2018:05:15:53 +0000] "POST /type/MX HTTP/1.1" 400 84 "-" "Mozilla/5.0 (Macintosh; Intel Mac OS X 10_13_6) AppleWebKit/537.36 (KHTML, like Gecko) Chrome/68.0.3440.84 Safari/537.36"
::1 - - [09/Aug/2018:05:16:04 +0000] "POST /type/MX HTTP/1.1" 200 52 "-" "Mozilla/5.0 (Macintosh; Intel Mac OS X 10_13_6) AppleWebKit/537.36 (KHTML, like Gecko) Chrome/68.0.3440.84 Safari/537.36"
::1 - - [09/Aug/2018:05:16:13 +0000] "POST /type/MX HTTP/1.1" 200 163 "-" "Mozilla/5.0 (Macintosh; Intel Mac OS X 10_13_6) AppleWebKit/537.36 (KHTML, like Gecko) Chrome/68.0.3440.84 Safari/537.36"
::1 - - [09/Aug/2018:05:16:32 +0000] "POST /type/MX HTTP/1.1" 200 56 "-" "Mozilla/5.0 (Macintosh; Intel Mac OS X 10_13_6) AppleWebKit/537.36 (KHTML, like Gecko) Chrome/68.0.3440.84 Safari/537.36"
::1 - - [09/Aug/2018:05:17:19 +0000] "POST /type/MX HTTP/1.1" 200 309 "-" "Mozilla/5.0 (Macintosh; Intel Mac OS X 10_13_6) AppleWebKit/537.36 (KHTML, like Gecko) Chrome/68.0.3440.84 Safari/537.36"
::1 - - [09/Aug/2018:05:17:26 +0000] "POST /type/MX HTTP/1.1" 400 84 "-" "Mozilla/5.0 (Macintosh; Intel Mac OS X 10_13_6) AppleWebKit/537.36 (KHTML, like Gecko) Chrome/68.0.3440.84 Safari/537.36"
::1 - - [09/Aug/2018:05:19:06 +0000] "POST /type/MX HTTP/1.1" 400 84 "-" "Mozilla/5.0 (Macintosh; Intel Mac OS X 10_13_6) AppleWebKit/537.36 (KHTML, like Gecko) Chrome/68.0.3440.84 Safari/537.36"
::1 - - [09/Aug/2018:05:19:25 +0000] "POST /type/MX HTTP/1.1" 200 39 "-" "Mozilla/5.0 (Macintosh; Intel Mac OS X 10_13_6) AppleWebKit/537.36 (KHTML, like Gecko) Chrome/68.0.3440.84 Safari/537.36"
::1 - - [09/Aug/2018:05:19:29 +0000] "POST /type/MX HTTP/1.1" 200 39 "-" "Mozilla/5.0 (Macintosh; Intel Mac OS X 10_13_6) AppleWebKit/537.36 (KHTML, like Gecko) Chrome/68.0.3440.84 Safari/537.36"
::1 - - [09/Aug/2018:05:19:36 +0000] "POST /type/MX HTTP/1.1" 400 0 "-" "Mozilla/5.0 (Macintosh; Intel Mac OS X 10_13_6) AppleWebKit/537.36 (KHTML, like Gecko) Chrome/68.0.3440.84 Safari/537.36"
::1 - - [09/Aug/2018:05:19:47 +0000] "POST /type/MX HTTP/1.1" 400 0 "-" "Mozilla/5.0 (Macintosh; Intel Mac OS X 10_13_6) AppleWebKit/537.36 (KHTML, like Gecko) Chrome/68.0.3440.84 Safari/537.36"
::1 - - [09/Aug/2018:05:19:59 +0000] "POST /type/MX HTTP/1.1" 400 0 "-" "Mozilla/5.0 (Macintosh; Intel Mac OS X 10_13_6) AppleWebKit/537.36 (KHTML, like Gecko) Chrome/68.0.3440.84 Safari/537.36"
::1 - - [09/Aug/2018:05:22:20 +0000] "POST /type/MX HTTP/1.1" 400 0 "-" "Mozilla/5.0 (Macintosh; Intel Mac OS X 10_13_6) AppleWebKit/537.36 (KHTML, like Gecko) Chrome/68.0.3440.84 Safari/537.36"
::1 - - [09/Aug/2018:05:22:43 +0000] "POST /type/MX HTTP/1.1" 200 163 "-" "Mozilla/5.0 (Macintosh; Intel Mac OS X 10_13_6) AppleWebKit/537.36 (KHTML, like Gecko) Chrome/68.0.3440.84 Safari/537.36"
::1 - - [09/Aug/2018:05:22:51 +0000] "POST /type/MX HTTP/1.1" 400 84 "-" "Mozilla/5.0 (Macintosh; Intel Mac OS X 10_13_6) AppleWebKit/537.36 (KHTML, like Gecko) Chrome/68.0.3440.84 Safari/537.36"
::1 - - [09/Aug/2018:05:23:01 +0000] "POST /type/MX HTTP/1.1" 200 56 "-" "Mozilla/5.0 (Macintosh; Intel Mac OS X 10_13_6) AppleWebKit/537.36 (KHTML, like Gecko) Chrome/68.0.3440.84 Safari/537.36"
::1 - - [09/Aug/2018:05:24:50 +0000] "POST /type/TXT HTTP/1.1" 200 57 "-" "Mozilla/5.0 (Macintosh; Intel Mac OS X 10_13_6) AppleWebKit/537.36 (KHTML, like Gecko) Chrome/68.0.3440.84 Safari/537.36"
::1 - - [09/Aug/2018:05:25:09 +0000] "POST /type/TXT HTTP/1.1" 200 57 "-" "Mozilla/5.0 (Macintosh; Intel Mac OS X 10_13_6) AppleWebKit/537.36 (KHTML, like Gecko) Chrome/68.0.3440.84 Safari/537.36"
::1 - - [09/Aug/2018:05:25:17 +0000] "POST /type/TXT HTTP/1.1" 200 56 "-" "Mozilla/5.0 (Macintosh; Intel Mac OS X 10_13_6) AppleWebKit/537.36 (KHTML, like Gecko) Chrome/68.0.3440.84 Safari/537.36"
::1 - - [09/Aug/2018:05:25:23 +0000] "POST /type/TXT HTTP/1.1" 200 54 "-" "Mozilla/5.0 (Macintosh; Intel Mac OS X 10_13_6) AppleWebKit/537.36 (KHTML, like Gecko) Chrome/68.0.3440.84 Safari/537.36"
::1 - - [09/Aug/2018:05:27:11 +0000] "POST /type/TXT HTTP/1.1" 200 54 "-" "Mozilla/5.0 (Macintosh; Intel Mac OS X 10_13_6) AppleWebKit/537.36 (KHTML, like Gecko) Chrome/68.0.3440.84 Safari/537.36"
::1 - - [09/Aug/2018:05:27:18 +0000] "POST /type/TXT HTTP/1.1" 200 54 "-" "Mozilla/5.0 (Macintosh; Intel Mac OS X 10_13_6) AppleWebKit/537.36 (KHTML, like Gecko) Chrome/68.0.3440.84 Safari/537.36"
::1 - - [09/Aug/2018:05:27:36 +0000] "POST /type/TXT HTTP/1.1" 200 54 "-" "Mozilla/5.0 (Macintosh; Intel Mac OS X 10_13_6) AppleWebKit/537.36 (KHTML, like Gecko) Chrome/68.0.3440.84 Safari/537.36"
::1 - - [09/Aug/2018:05:28:39 +0000] "POST /type/TXT HTTP/1.1" 200 54 "-" "Mozilla/5.0 (Macintosh; Intel Mac OS X 10_13_6) AppleWebKit/537.36 (KHTML, like Gecko) Chrome/68.0.3440.84 Safari/537.36"
::1 - - [09/Aug/2018:05:29:11 +0000] "POST /type/TXT HTTP/1.1" 200 54 "-" "Mozilla/5.0 (Macintosh; Intel Mac OS X 10_13_6) AppleWebKit/537.36 (KHTML, like Gecko) Chrome/68.0.3440.84 Safari/537.36"
::1 - - [09/Aug/2018:05:32:08 +0000] "POST /type/TXT HTTP/1.1" 200 54 "-" "Mozilla/5.0 (Macintosh; Intel Mac OS X 10_13_6) AppleWebKit/537.36 (KHTML, like Gecko) Chrome/68.0.3440.84 Safari/537.36"
::1 - - [09/Aug/2018:05:32:51 +0000] "POST /type/NS HTTP/1.1" 200 53 "-" "Mozilla/5.0 (Macintosh; Intel Mac OS X 10_13_6) AppleWebKit/537.36 (KHTML, like Gecko) Chrome/68.0.3440.84 Safari/537.36"
::1 - - [09/Aug/2018:05:33:16 +0000] "POST /type/NS HTTP/1.1" 400 84 "-" "Mozilla/5.0 (Macintosh; Intel Mac OS X 10_13_6) AppleWebKit/537.36 (KHTML, like Gecko) Chrome/68.0.3440.84 Safari/537.36"
::1 - - [09/Aug/2018:05:34:56 +0000] "POST /type/NS HTTP/1.1" 400 84 "-" "Mozilla/5.0 (Macintosh; Intel Mac OS X 10_13_6) AppleWebKit/537.36 (KHTML, like Gecko) Chrome/68.0.3440.84 Safari/537.36"
::1 - - [09/Aug/2018:05:35:28 +0000] "POST /type/NS HTTP/1.1" 400 84 "-" "Mozilla/5.0 (Macintosh; Intel Mac OS X 10_13_6) AppleWebKit/537.36 (KHTML, like Gecko) Chrome/68.0.3440.84 Safari/537.36"
::1 - - [09/Aug/2018:05:35:34 +0000] "POST /type/NS HTTP/1.1" 200 116 "-" "Mozilla/5.0 (Macintosh; Intel Mac OS X 10_13_6) AppleWebKit/537.36 (KHTML, like Gecko) Chrome/68.0.3440.84 Safari/537.36"
::1 - - [09/Aug/2018:05:35:54 +0000] "POST /type/NS HTTP/1.1" 400 55 "-" "Mozilla/5.0 (Macintosh; Intel Mac OS X 10_13_6) AppleWebKit/537.36 (KHTML, like Gecko) Chrome/68.0.3440.84 Safari/537.36"
::1 - - [09/Aug/2018:05:36:00 +0000] "POST /type/TXT HTTP/1.1" 200 339 "-" "Mozilla/5.0 (Macintosh; Intel Mac OS X 10_13_6) AppleWebKit/537.36 (KHTML, like Gecko) Chrome/68.0.3440.84 Safari/537.36"
::1 - - [09/Aug/2018:05:36:31 +0000] "POST /type/MX HTTP/1.1" 200 307 "-" "Mozilla/5.0 (Macintosh; Intel Mac OS X 10_13_6) AppleWebKit/537.36 (KHTML, like Gecko) Chrome/68.0.3440.84 Safari/537.36"
::1 - - [09/Aug/2018:05:37:03 +0000] "POST /type/CNAME HTTP/1.1" 200 83 "-" "Mozilla/5.0 (Macintosh; Intel Mac OS X 10_13_6) AppleWebKit/537.36 (KHTML, like Gecko) Chrome/68.0.3440.84 Safari/537.36"
::1 - - [09/Aug/2018:05:38:26 +0000] "POST /type/SRV HTTP/1.1" 200 57 "-" "Mozilla/5.0 (Macintosh; Intel Mac OS X 10_13_6) AppleWebKit/537.36 (KHTML, like Gecko) Chrome/68.0.3440.84 Safari/537.36"
::1 - - [09/Aug/2018:05:45:57 +0000] "POST /type/SOA HTTP/1.1" 404 148 "-" "Mozilla/5.0 (Macintosh; Intel Mac OS X 10_13_6) AppleWebKit/537.36 (KHTML, like Gecko) Chrome/68.0.3440.84 Safari/537.36"
::1 - - [09/Aug/2018:05:46:09 +0000] "POST /type/SOA HTTP/1.1" 200 182 "-" "Mozilla/5.0 (Macintosh; Intel Mac OS X 10_13_6) AppleWebKit/537.36 (KHTML, like Gecko) Chrome/68.0.3440.84 Safari/537.36"
::1 - - [09/Aug/2018:05:52:00 +0000] "POST /type/A HTTP/1.1" 200 89 "-" "Mozilla/5.0 (Macintosh; Intel Mac OS X 10_13_6) AppleWebKit/537.36 (KHTML, like Gecko) Chrome/68.0.3440.84 Safari/537.36"
::1 - - [09/Aug/2018:05:52:48 +0000] "POST /type/AAAA HTTP/1.1" 200 100 "-" "Mozilla/5.0 (Macintosh; Intel Mac OS X 10_13_6) AppleWebKit/537.36 (KHTML, like Gecko) Chrome/68.0.3440.84 Safari/537.36"
::1 - - [09/Aug/2018:05:52:57 +0000] "POST /type/CNAME HTTP/1.1" 400 87 "-" "Mozilla/5.0 (Macintosh; Intel Mac OS X 10_13_6) AppleWebKit/537.36 (KHTML, like Gecko) Chrome/68.0.3440.84 Safari/537.36"
::1 - - [09/Aug/2018:05:53:04 +0000] "POST /type/CNAME HTTP/1.1" 400 83 "-" "Mozilla/5.0 (Macintosh; Intel Mac OS X 10_13_6) AppleWebKit/537.36 (KHTML, like Gecko) Chrome/68.0.3440.84 Safari/537.36"
::1 - - [09/Aug/2018:05:53:11 +0000] "POST /type/CNAME HTTP/1.1" 400 83 "-" "Mozilla/5.0 (Macintosh; Intel Mac OS X 10_13_6) AppleWebKit/537.36 (KHTML, like Gecko) Chrome/68.0.3440.84 Safari/537.36"
::1 - - [09/Aug/2018:05:53:22 +0000] "POST /type/CNAME HTTP/1.1" 200 76 "-" "Mozilla/5.0 (Macintosh; Intel Mac OS X 10_13_6) AppleWebKit/537.36 (KHTML, like Gecko) Chrome/68.0.3440.84 Safari/537.36"
::1 - - [09/Aug/2018:05:54:43 +0000] "POST /type/TXT HTTP/1.1" 400 55 "-" "Mozilla/5.0 (Macintosh; Intel Mac OS X 10_13_6) AppleWebKit/537.36 (KHTML, like Gecko) Chrome/68.0.3440.84 Safari/537.36"
::1 - - [09/Aug/2018:05:54:49 +0000] "POST /type/TXT HTTP/1.1" 200 203 "-" "Mozilla/5.0 (Macintosh; Intel Mac OS X 10_13_6) AppleWebKit/537.36 (KHTML, like Gecko) Chrome/68.0.3440.84 Safari/537.36"
::1 - - [09/Aug/2018:05:55:07 +0000] "POST /type/NS HTTP/1.1" 200 116 "-" "Mozilla/5.0 (Macintosh; Intel Mac OS X 10_13_6) AppleWebKit/537.36 (KHTML, like Gecko) Chrome/68.0.3440.84 Safari/537.36"
::1 - - [09/Aug/2018:05:55:24 +0000] "POST /type/MX HTTP/1.1" 200 308 "-" "Mozilla/5.0 (Macintosh; Intel Mac OS X 10_13_6) AppleWebKit/537.36 (KHTML, like Gecko) Chrome/68.0.3440.84 Safari/537.36"
::1 - - [09/Aug/2018:05:55:33 +0000] "POST /type/SOA HTTP/1.1" 200 182 "-" "Mozilla/5.0 (Macintosh; Intel Mac OS X 10_13_6) AppleWebKit/537.36 (KHTML, like Gecko) Chrome/68.0.3440.84 Safari/537.36"
::1 - - [09/Aug/2018:05:56:17 +0000] "POST /type/SRV HTTP/1.1" 200 57 "-" "Mozilla/5.0 (Macintosh; Intel Mac OS X 10_13_6) AppleWebKit/537.36 (KHTML, like Gecko) Chrome/68.0.3440.84 Safari/537.36"
::1 - - [09/Aug/2018:17:45:59 +0000] "POST /type/A HTTP/1.1" 200 85 "-" "Mozilla/5.0 (Macintosh; Intel Mac OS X 10_13_6) AppleWebKit/537.36 (KHTML, like Gecko) Chrome/68.0.3440.84 Safari/537.36"
::1 - - [09/Aug/2018:17:46:10 +0000] "POST /type/AAAA HTTP/1.1" 200 99 "-" "Mozilla/5.0 (Macintosh; Intel Mac OS X 10_13_6) AppleWebKit/537.36 (KHTML, like Gecko) Chrome/68.0.3440.84 Safari/537.36"
::1 - - [09/Aug/2018:17:47:01 +0000] "POST /type/CNAME HTTP/1.1" 400 87 "-" "Mozilla/5.0 (Macintosh; Intel Mac OS X 10_13_6) AppleWebKit/537.36 (KHTML, like Gecko) Chrome/68.0.3440.84 Safari/537.36"
::1 - - [09/Aug/2018:17:47:07 +0000] "POST /type/CNAME HTTP/1.1" 200 76 "-" "Mozilla/5.0 (Macintosh; Intel Mac OS X 10_13_6) AppleWebKit/537.36 (KHTML, like Gecko) Chrome/68.0.3440.84 Safari/537.36"
::1 - - [09/Aug/2018:17:48:43 +0000] "POST /type/CNAME HTTP/1.1" 200 76 "-" "Mozilla/5.0 (Macintosh; Intel Mac OS X 10_13_6) AppleWebKit/537.36 (KHTML, like Gecko) Chrome/68.0.3440.84 Safari/537.36"
::1 - - [09/Aug/2018:22:40:56 +0000] "POST /type/SRV HTTP/1.1" 200 446 "-" "Mozilla/5.0 (Macintosh; Intel Mac OS X 10_13_6) AppleWebKit/537.36 (KHTML, like Gecko) Chrome/68.0.3440.84 Safari/537.36"
::1 - - [09/Aug/2018:22:44:17 +0000] "POST /type/SRV HTTP/1.1" 200 446 "-" "Mozilla/5.0 (Macintosh; Intel Mac OS X 10_13_6) AppleWebKit/537.36 (KHTML, like Gecko) Chrome/68.0.3440.84 Safari/537.36"
::1 - - [09/Aug/2018:23:06:59 +0000] "POST /type/SRV HTTP/1.1" 200 416 "-" "Mozilla/5.0 (Macintosh; Intel Mac OS X 10_13_6) AppleWebKit/537.36 (KHTML, like Gecko) Chrome/68.0.3440.84 Safari/537.36"
::1 - - [09/Aug/2018:23:45:20 +0000] "POST /type/SRV HTTP/1.1" 400 95 "-" "Mozilla/5.0 (Macintosh; Intel Mac OS X 10_13_6) AppleWebKit/537.36 (KHTML, like Gecko) Chrome/68.0.3440.84 Safari/537.36"
::1 - - [09/Aug/2018:23:45:25 +0000] "POST /type/SRV HTTP/1.1" 400 96 "-" "Mozilla/5.0 (Macintosh; Intel Mac OS X 10_13_6) AppleWebKit/537.36 (KHTML, like Gecko) Chrome/68.0.3440.84 Safari/537.36"
::1 - - [09/Aug/2018:23:45:29 +0000] "POST /type/SRV HTTP/1.1" 200 122 "-" "Mozilla/5.0 (Macintosh; Intel Mac OS X 10_13_6) AppleWebKit/537.36 (KHTML, like Gecko) Chrome/68.0.3440.84 Safari/537.36"
::1 - - [09/Aug/2018:23:45:46 +0000] "POST /type/SRV HTTP/1.1" 400 103 "-" "Mozilla/5.0 (Macintosh; Intel Mac OS X 10_13_6) AppleWebKit/537.36 (KHTML, like Gecko) Chrome/68.0.3440.84 Safari/537.36"
::1 - - [09/Aug/2018:23:46:31 +0000] "POST /type/SRV HTTP/1.1" 200 61 "-" "Mozilla/5.0 (Macintosh; Intel Mac OS X 10_13_6) AppleWebKit/537.36 (KHTML, like Gecko) Chrome/68.0.3440.84 Safari/537.36"
::1 - - [09/Aug/2018:23:46:42 +0000] "POST /type/SRV HTTP/1.1" 200 63 "-" "Mozilla/5.0 (Macintosh; Intel Mac OS X 10_13_6) AppleWebKit/537.36 (KHTML, like Gecko) Chrome/68.0.3440.84 Safari/537.36"
::1 - - [09/Aug/2018:23:46:57 +0000] "POST /type/SRV HTTP/1.1" 200 63 "-" "Mozilla/5.0 (Macintosh; Intel Mac OS X 10_13_6) AppleWebKit/537.36 (KHTML, like Gecko) Chrome/68.0.3440.84 Safari/537.36"
::1 - - [09/Aug/2018:23:47:02 +0000] "POST /type/SRV HTTP/1.1" 400 81 "-" "Mozilla/5.0 (Macintosh; Intel Mac OS X 10_13_6) AppleWebKit/537.36 (KHTML, like Gecko) Chrome/68.0.3440.84 Safari/537.36"
::1 - - [09/Aug/2018:23:47:19 +0000] "POST /type/SRV HTTP/1.1" 400 80 "-" "Mozilla/5.0 (Macintosh; Intel Mac OS X 10_13_6) AppleWebKit/537.36 (KHTML, like Gecko) Chrome/68.0.3440.84 Safari/537.36"
::1 - - [09/Aug/2018:23:47:45 +0000] "POST /type/SRV HTTP/1.1" 200 122 "-" "Mozilla/5.0 (Macintosh; Intel Mac OS X 10_13_6) AppleWebKit/537.36 (KHTML, like Gecko) Chrome/68.0.3440.84 Safari/537.36"
::1 - - [09/Aug/2018:23:47:57 +0000] "POST /type/SRV HTTP/1.1" 200 446 "-" "Mozilla/5.0 (Macintosh; Intel Mac OS X 10_13_6) AppleWebKit/537.36 (KHTML, like Gecko) Chrome/68.0.3440.84 Safari/537.36"
::1 - - [10/Aug/2018:00:00:23 +0000] "POST /type/SRV HTTP/1.1" 400 98 "-" "Mozilla/5.0 (Macintosh; Intel Mac OS X 10_13_6) AppleWebKit/537.36 (KHTML, like Gecko) Chrome/68.0.3440.84 Safari/537.36"
::1 - - [10/Aug/2018:00:04:38 +0000] "POST /type/SRV HTTP/1.1" 400 97 "-" "Mozilla/5.0 (Macintosh; Intel Mac OS X 10_13_6) AppleWebKit/537.36 (KHTML, like Gecko) Chrome/68.0.3440.84 Safari/537.36"
::1 - - [10/Aug/2018:00:12:24 +0000] "POST /type/SRV HTTP/1.1" 200 445 "-" "Mozilla/5.0 (Macintosh; Intel Mac OS X 10_13_6) AppleWebKit/537.36 (KHTML, like Gecko) Chrome/68.0.3440.84 Safari/537.36"
::1 - - [10/Aug/2018:01:11:31 +0000] "POST /type/SRV HTTP/1.1" 200 445 "-" "Mozilla/5.0 (Macintosh; Intel Mac OS X 10_13_6) AppleWebKit/537.36 (KHTML, like Gecko) Chrome/68.0.3440.84 Safari/537.36"
::1 - - [10/Aug/2018:01:16:52 +0000] "GET /type/C HTTP/1.1" 404 145 "-" "Mozilla/5.0 (Macintosh; Intel Mac OS X 10_13_6) AppleWebKit/537.36 (KHTML, like Gecko) Chrome/68.0.3440.84 Safari/537.36"
::1 - - [10/Aug/2018:01:17:14 +0000] "POST /type/CNAME HTTP/1.1" 400 95 "-" "Mozilla/5.0 (Macintosh; Intel Mac OS X 10_13_6) AppleWebKit/537.36 (KHTML, like Gecko) Chrome/68.0.3440.84 Safari/537.36"
::1 - - [10/Aug/2018:01:17:31 +0000] "POST /type/CNAME HTTP/1.1" 200 76 "-" "Mozilla/5.0 (Macintosh; Intel Mac OS X 10_13_6) AppleWebKit/537.36 (KHTML, like Gecko) Chrome/68.0.3440.84 Safari/537.36"
::1 - evo [10/Aug/2018:03:09:10 +0000] "POST /basicAuth HTTP/1.1" 200 18 "-" "Mozilla/5.0 (Macintosh; Intel Mac OS X 10_13_6) AppleWebKit/537.36 (KHTML, like Gecko) Chrome/68.0.3440.84 Safari/537.36"
::1 - - [10/Aug/2018:03:09:47 +0000] "POST /basicAuth HTTP/1.1" 401 23 "-" "Mozilla/5.0 (Macintosh; Intel Mac OS X 10_13_6) AppleWebKit/537.36 (KHTML, like Gecko) Chrome/68.0.3440.84 Safari/537.36"
